(env) C:\WORKS_2\WS\WS_Others.Art>pip install notebook
Collecting notebook
  Downloading https://files.pythonhosted.org/packages/96/1f/e113875e6b8c8ee0e8c5
748bf6fc942a109874adc9ca25248e95cf069803/notebook-5.4.1-py2.py3-none-any.whl (8.
0MB)
    100% |################################| 8.0MB 70kB/s
Requirement already satisfied: ipython-genutils in c:\works_2\ws\ws_others\prog\
d-7\2_2\virtual\env\lib\site-packages (from notebook)
Collecting jinja2 (from notebook)
  Downloading https://files.pythonhosted.org/packages/7f/ff/ae64bacdfc95f27a016a
7bed8e8686763ba4d277a78ca76f32659220a731/Jinja2-2.10-py2.py3-none-any.whl (126kB
)
    100% |################################| 133kB 820kB/s
Collecting nbconvert (from notebook)
  Downloading https://files.pythonhosted.org/packages/39/ea/280d6c0d92f8e3ca15fd
798bbcc2ea141489f9539de7133d8fe10ea4b049/nbconvert-5.3.1-py2.py3-none-any.whl (3
87kB)
    100% |################################| 389kB 468kB/s
Collecting ipykernel (from notebook)
  Downloading https://files.pythonhosted.org/packages/ab/3f/cd624c835aa3336a9110
d0a99e15070f343b881b7d651ab1375ef226a3ac/ipykernel-4.8.2-py3-none-any.whl (108kB
)
    100% |################################| 112kB 813kB/s
Collecting tornado>=4 (from notebook)
  Downloading https://files.pythonhosted.org/packages/fc/49/212a0ec5b9aad7629c9b
25436e256ef3797b8fe06c4b190fa22e9589e47f/tornado-5.0.2-cp35-cp35m-win_amd64.whl
(439kB)
    100% |################################| 440kB 596kB/s
Requirement already satisfied: traitlets>=4.2.1 in c:\works_2\ws\ws_others\prog\
d-7\2_2\virtual\env\lib\site-packages (from notebook)
Collecting jupyter-client>=5.2.0 (from notebook)
  Downloading https://files.pythonhosted.org/packages/94/dd/fe6c4d683b09eb05342b
d2816b7779663f71762b4fa9c2d5203d35d17354/jupyter_client-5.2.3-py2.py3-none-any.w
hl (89kB)
    100% |################################| 92kB 449kB/s
Collecting nbformat (from notebook)
  Downloading https://files.pythonhosted.org/packages/da/27/9a654d2b6cc1eaa517d1
c5a4405166c7f6d72f04f6e7eea41855fe808a46/nbformat-4.4.0-py2.py3-none-any.whl (15
5kB)
    100% |################################| 163kB 820kB/s
Collecting terminado>=0.8.1 (from notebook)
  Downloading https://files.pythonhosted.org/packages/2e/20/a26211a24425923d46e1
213b376a6ee60dc30bcdf1b0c345e2c3769deb1c/terminado-0.8.1-py2.py3-none-any.whl
Collecting jupyter-core>=4.4.0 (from notebook)
  Downloading https://files.pythonhosted.org/packages/1d/44/065d2d7bae7bebc06f1d
d70d23c36da8c50c0f08b4236716743d706762a8/jupyter_core-4.4.0-py2.py3-none-any.whl
 (126kB)
    100% |################################| 133kB 724kB/s
Collecting Send2Trash (from notebook)
  Downloading https://files.pythonhosted.org/packages/49/46/c3dc27481d1cc57b9385
aff41c474ceb7714f7935b1247194adae45db714/Send2Trash-1.5.0-py3-none-any.whl
Collecting MarkupSafe>=0.23 (from jinja2->notebook)
  Downloading https://files.pythonhosted.org/packages/4d/de/32d741db316d8fdb7680
822dd37001ef7a448255de9699ab4bfcbdf4172b/MarkupSafe-1.0.tar.gz
Collecting testpath (from nbconvert->notebook)
  Downloading https://files.pythonhosted.org/packages/15/19/d7bc380c479a184e4a5a
9ce516e4e2a773165f89b445f7cdced83d94de25/testpath-0.3.1-py2.py3-none-any.whl (16
1kB)
    100% |################################| 163kB 820kB/s
Collecting bleach (from nbconvert->notebook)
  Downloading https://files.pythonhosted.org/packages/30/b6/a8cffbb9ab4b62b557c2
2703163735210e9cd857d533740c64e1467d228e/bleach-2.1.3-py2.py3-none-any.whl
Collecting pandocfilters>=1.4.1 (from nbconvert->notebook)
  Downloading https://files.pythonhosted.org/packages/4c/ea/236e2584af67bb6df960
832731a6e5325fd4441de001767da328c33368ce/pandocfilters-1.4.2.tar.gz
Collecting entrypoints>=0.2.2 (from nbconvert->notebook)
  Downloading https://files.pythonhosted.org/packages/cc/8b/4eefa9b47f1910b3d208
1da67726b066e379b04ca897acfe9f92bac56147/entrypoints-0.2.3-py2.py3-none-any.whl
Collecting mistune>=0.7.4 (from nbconvert->notebook)
  Downloading https://files.pythonhosted.org/packages/c8/8c/87f4d359438ba0321a2a
e91936030110bfcc62fef752656321a72b8c1af9/mistune-0.8.3-py2.py3-none-any.whl
Requirement already satisfied: pygments in c:\works_2\ws\ws_others\prog\d-7\2_2\
virtual\env\lib\site-packages (from nbconvert->notebook)
Requirement already satisfied: ipython>=4.0.0 in c:\works_2\ws\ws_others\prog\d-
7\2_2\virtual\env\lib\site-packages (from ipykernel->notebook)
Requirement already satisfied: decorator in c:\works_2\ws\ws_others\prog\d-7\2_2
\virtual\env\lib\site-packages (from traitlets>=4.2.1->notebook)
Requirement already satisfied: six in c:\works_2\ws\ws_others\prog\d-7\2_2\virtu
al\env\lib\site-packages (from traitlets>=4.2.1->notebook)
Requirement already satisfied: python-dateutil>=2.1 in c:\works_2\ws\ws_others\p
rog\d-7\2_2\virtual\env\lib\site-packages (from jupyter-client>=5.2.0->notebook)

Collecting pyzmq>=13 (from jupyter-client>=5.2.0->notebook)
  Downloading https://files.pythonhosted.org/packages/b5/00/363432b0079e42cfd6ff
35afddadd0e8eaf8c91916e7798d37de1cb1f9eb/pyzmq-17.0.0-cp35-cp35m-win_amd64.whl (
942kB)
    100% |################################| 942kB 345kB/s
Collecting jsonschema!=2.5.0,>=2.4 (from nbformat->notebook)
  Downloading https://files.pythonhosted.org/packages/77/de/47e35a97b2b05c2fadbe
c67d44cfcdcd09b8086951b331d82de90d2912da/jsonschema-2.6.0-py2.py3-none-any.whl
Collecting pywinpty>=0.5; os_name == "nt" (from terminado>=0.8.1->notebook)
  Downloading https://files.pythonhosted.org/packages/f9/9c/89a2fa1e3ab405d9eb1f
aa9ddfd419f499ca39e825bf1e1943b72b0ebb3b/pywinpty-0.5.1-cp35-cp35m-win_amd64.whl
 (176kB)
    100% |################################| 184kB 652kB/s
Collecting html5lib!=1.0b1,!=1.0b2,!=1.0b3,!=1.0b4,!=1.0b5,!=1.0b6,!=1.0b7,!=1.0
b8,>=0.99999999pre (from bleach->nbconvert->notebook)
  Downloading https://files.pythonhosted.org/packages/a5/62/bbd2be0e7943ec8504b5
17e62bab011b4946e1258842bc159e5dfde15b96/html5lib-1.0.1-py2.py3-none-any.whl (11
7kB)
    100% |################################| 122kB 937kB/s
Requirement already satisfied: win-unicode-console>=0.5; sys_platform == "win32"
 and python_version < "3.6" in c:\works_2\ws\ws_others\prog\d-7\2_2\virtual\env\
lib\site-packages (from ipython>=4.0.0->ipykernel->notebook)
Requirement already satisfied: setuptools>=18.5 in c:\works_2\ws\ws_others\prog\
d-7\2_2\virtual\env\lib\site-packages (from ipython>=4.0.0->ipykernel->notebook)

Requirement already satisfied: pickleshare in c:\works_2\ws\ws_others\prog\d-7\2
_2\virtual\env\lib\site-packages (from ipython>=4.0.0->ipykernel->notebook)
Requirement already satisfied: colorama; sys_platform == "win32" in c:\works_2\w
s\ws_others\prog\d-7\2_2\virtual\env\lib\site-packages (from ipython>=4.0.0->ipy
kernel->notebook)
Requirement already satisfied: prompt-toolkit<2.0.0,>=1.0.4 in c:\works_2\ws\ws_
others\prog\d-7\2_2\virtual\env\lib\site-packages (from ipython>=4.0.0->ipykerne
l->notebook)
Requirement already satisfied: jedi>=0.10 in c:\works_2\ws\ws_others\prog\d-7\2_
2\virtual\env\lib\site-packages (from ipython>=4.0.0->ipykernel->notebook)
Requirement already satisfied: simplegeneric>0.8 in c:\works_2\ws\ws_others\prog
\d-7\2_2\virtual\env\lib\site-packages (from ipython>=4.0.0->ipykernel->notebook
)
Collecting webencodings (from html5lib!=1.0b1,!=1.0b2,!=1.0b3,!=1.0b4,!=1.0b5,!=
1.0b6,!=1.0b7,!=1.0b8,>=0.99999999pre->bleach->nbconvert->notebook)
  Downloading https://files.pythonhosted.org/packages/f4/24/2a3e3df732393fed8b3e
bf2ec078f05546de641fe1b667ee316ec1dcf3b7/webencodings-0.5.1-py2.py3-none-any.whl

Requirement already satisfied: wcwidth in c:\works_2\ws\ws_others\prog\d-7\2_2\v
irtual\env\lib\site-packages (from prompt-toolkit<2.0.0,>=1.0.4->ipython>=4.0.0-
>ipykernel->notebook)
Requirement already satisfied: parso==0.1.1 in c:\works_2\ws\ws_others\prog\d-7\
2_2\virtual\env\lib\site-packages (from jedi>=0.10->ipython>=4.0.0->ipykernel->n
otebook)
Building wheels for collected packages: MarkupSafe, pandocfilters
  Running setup.py bdist_wheel for MarkupSafe ... done
  Stored in directory: C:\Users\iwabuchiken\AppData\Local\pip\Cache\wheels\33\56
\20\ebe49a5c612fffe1c5a632146b16596f9e64676768661e4e46
  Running setup.py bdist_wheel for pandocfilters ... done
  Stored in directory: C:\Users\iwabuchiken\AppData\Local\pip\Cache\wheels\39\01
\56\f1b08a6275acc59e846fa4c1e1b65dbc1919f20157d9e66c20
Successfully built MarkupSafe pandocfilters
Installing collected packages: MarkupSafe, jinja2, testpath, jupyter-core, weben
codings, html5lib, bleach, pandocfilters, entrypoints, jsonschema, nbformat, mis
tune, nbconvert, tornado, pyzmq, jupyter-client, ipykernel, pywinpty, terminado,
 Send2Trash, notebook
Successfully installed MarkupSafe-1.0 Send2Trash-1.5.0 bleach-2.1.3 entrypoints-
0.2.3 html5lib-1.0.1 ipykernel-4.8.2 jinja2-2.10 jsonschema-2.6.0 jupyter-client
-5.2.3 jupyter-core-4.4.0 mistune-0.8.3 nbconvert-5.3.1 nbformat-4.4.0 notebook-
5.4.1 pandocfilters-1.4.2 pywinpty-0.5.1 pyzmq-17.0.0 terminado-0.8.1 testpath-0
.3.1 tornado-5.0.2 webencodings-0.5.1
You are using pip version 9.0.1, however version 10.0.1 is available.
You should consider upgrading via the 'python -m pip install --upgrade pip' comm
and.

(env) C:\WORKS_2\WS\WS_Others.Art>