[20180701_104428 / views.py:2229] BUSL ===============================
[views.py:2238] source : 44_1.14_file-io.AUDJPY.Period-H1.Days-1900.Bars-45600.20180511_181322.csv
[20180701_104428 / views.py:2287] price up : 0.123 (date : 2018.05.09 10:00)
[20180701_104428 / views.py:2287] price up : 0.106 (date : 2018.05.09 11:00)
[20180701_104428 / views.py:2287] price up : 0.006 (date : 2018.05.09 14:00)
[20180701_104428 / views.py:2287] price up : 0.003 (date : 2018.05.09 15:00)
[20180701_104428 / views.py:2287] price up : 0.130 (date : 2018.05.09 17:00)
[20180701_104428 / views.py:2287] price up : 0.189 (date : 2018.05.09 18:00)
[20180701_104428 / views.py:2287] price up : 0.060 (date : 2018.05.09 20:00)
[20180701_104428 / views.py:2287] price up : 0.105 (date : 2018.05.09 21:00)
[20180701_104428 / views.py:2287] price up : 0.153 (date : 2018.05.09 23:00)
[20180701_104428 / views.py:2287] price up : 0.053 (date : 2018.05.10 03:00)
[20180701_104428 / views.py:2287] price up : 0.070 (date : 2018.05.10 04:00)
[20180701_104429 / views.py:2287] price up : 0.008 (date : 2018.05.10 07:00)
[20180701_104429 / views.py:2287] price up : 0.011 (date : 2018.05.10 08:00)
[20180701_104429 / views.py:2287] price up : 0.033 (date : 2018.05.10 09:00)
[20180701_104429 / views.py:2287] price up : 0.027 (date : 2018.05.10 10:00)
[20180701_104429 / views.py:2287] price up : 0.032 (date : 2018.05.10 12:00)
[20180701_104429 / views.py:2287] price up : 0.007 (date : 2018.05.10 13:00)
[20180701_104429 / views.py:2287] price up : 0.069 (date : 2018.05.10 14:00)
[20180701_104429 / views.py:2287] price up : 0.150 (date : 2018.05.10 16:00)
[20180701_104429 / views.py:2287] price up : 0.153 (date : 2018.05.10 17:00)
[20180701_104429 / views.py:2287] price up : 0.045 (date : 2018.05.10 20:00)
[20180701_104429 / views.py:2287] price up : 0.031 (date : 2018.05.10 21:00)
[20180701_104429 / views.py:2287] price up : 0.249 (date : 2018.05.10 22:00)
[20180701_104429 / views.py:2287] price up : 0.122 (date : 2018.05.11 01:00)
[20180701_104429 / views.py:2287] price up : 0.019 (date : 2018.05.11 02:00)
[20180701_104429 / views.py:2287] price up : 0.093 (date : 2018.05.11 03:00)
[20180701_104429 / views.py:2287] price up : 0.026 (date : 2018.05.11 04:00)
[20180701_104430 / views.py:2287] price up : 0.006 (date : 2018.05.11 07:00)
[20180701_104430 / views.py:2287] price up : 0.019 (date : 2018.05.11 11:00)
[20180701_104430 / views.py:2287] price up : 0.048 (date : 2018.05.11 12:00)
[20180701_104430 / views.py:2287] price up : 0.089 (date : 2018.05.11 13:00)
[20180701_104430 / views.py:2287] price up : 0.030 (date : 2018.05.11 15:00)
[20180701_104430 / views.py:2287] price up : 0.095 (date : 2018.05.11 18:00)
[20180701_104718 / views.py:2234] BUSL ===============================
[views.py:2243] source : 44_1.14_file-io.AUDJPY.Period-H1.Days-1900.Bars-45600.20180511_181322.csv
[20180701_104718 / views.py:2297] price up : 0.123 (date : 2018.05.09 10:00)
[20180701_104718 / views.py:2297] price up : 0.106 (date : 2018.05.09 11:00)
[20180701_104718 / views.py:2297] price up : 0.006 (date : 2018.05.09 14:00)
[20180701_104718 / views.py:2297] price up : 0.003 (date : 2018.05.09 15:00)
[20180701_104718 / views.py:2297] price up : 0.130 (date : 2018.05.09 17:00)
[20180701_104718 / views.py:2297] price up : 0.189 (date : 2018.05.09 18:00)
[20180701_104719 / views.py:2297] price up : 0.060 (date : 2018.05.09 20:00)
[20180701_104719 / views.py:2297] price up : 0.105 (date : 2018.05.09 21:00)
[20180701_104719 / views.py:2297] price up : 0.153 (date : 2018.05.09 23:00)
[20180701_104719 / views.py:2297] price up : 0.053 (date : 2018.05.10 03:00)
[20180701_104719 / views.py:2297] price up : 0.070 (date : 2018.05.10 04:00)
[20180701_104719 / views.py:2297] price up : 0.008 (date : 2018.05.10 07:00)
[20180701_104719 / views.py:2297] price up : 0.011 (date : 2018.05.10 08:00)
[20180701_104719 / views.py:2297] price up : 0.033 (date : 2018.05.10 09:00)
[20180701_104719 / views.py:2297] price up : 0.027 (date : 2018.05.10 10:00)
[20180701_104719 / views.py:2297] price up : 0.032 (date : 2018.05.10 12:00)
[20180701_104719 / views.py:2297] price up : 0.007 (date : 2018.05.10 13:00)
[20180701_104719 / views.py:2297] price up : 0.069 (date : 2018.05.10 14:00)
[20180701_104719 / views.py:2297] price up : 0.150 (date : 2018.05.10 16:00)
[20180701_104719 / views.py:2297] price up : 0.153 (date : 2018.05.10 17:00)
[20180701_104719 / views.py:2297] price up : 0.045 (date : 2018.05.10 20:00)
[20180701_104719 / views.py:2297] price up : 0.031 (date : 2018.05.10 21:00)
[20180701_104719 / views.py:2297] price up : 0.249 (date : 2018.05.10 22:00)
[20180701_104719 / views.py:2297] price up : 0.122 (date : 2018.05.11 01:00)
[20180701_104719 / views.py:2297] price up : 0.019 (date : 2018.05.11 02:00)
[20180701_104719 / views.py:2297] price up : 0.093 (date : 2018.05.11 03:00)
[20180701_104719 / views.py:2297] price up : 0.026 (date : 2018.05.11 04:00)
[20180701_104719 / views.py:2297] price up : 0.006 (date : 2018.05.11 07:00)
[20180701_104719 / views.py:2297] price up : 0.019 (date : 2018.05.11 11:00)
[20180701_104719 / views.py:2297] price up : 0.048 (date : 2018.05.11 12:00)
[20180701_104719 / views.py:2297] price up : 0.089 (date : 2018.05.11 13:00)
[20180701_104719 / views.py:2297] price up : 0.030 (date : 2018.05.11 15:00)
[20180701_104719 / views.py:2297] price up : 0.095 (date : 2018.05.11 18:00)
[20180701_104719 / views.py:2326] total price-up : 33
[20180701_105018 / views.py:2234] BUSL ===============================
[views.py:2243] source : 44_1.14_file-io.AUDJPY.Period-H1.Days-1900.Bars-45600.20180511_181322.csv
[20180701_105018 / views.py:2297] price up : 0.123 (date : 2018.05.09 10:00)
[20180701_105018 / views.py:2297] price up : 0.106 (date : 2018.05.09 11:00)
[20180701_105018 / views.py:2297] price up : 0.006 (date : 2018.05.09 14:00)
[20180701_105018 / views.py:2297] price up : 0.003 (date : 2018.05.09 15:00)
[20180701_105018 / views.py:2297] price up : 0.130 (date : 2018.05.09 17:00)
[20180701_105018 / views.py:2297] price up : 0.189 (date : 2018.05.09 18:00)
[20180701_105019 / views.py:2297] price up : 0.060 (date : 2018.05.09 20:00)
[20180701_105019 / views.py:2297] price up : 0.105 (date : 2018.05.09 21:00)
[20180701_105019 / views.py:2297] price up : 0.153 (date : 2018.05.09 23:00)
[20180701_105019 / views.py:2297] price up : 0.053 (date : 2018.05.10 03:00)
[20180701_105019 / views.py:2297] price up : 0.070 (date : 2018.05.10 04:00)
[20180701_105019 / views.py:2297] price up : 0.008 (date : 2018.05.10 07:00)
[20180701_105019 / views.py:2297] price up : 0.011 (date : 2018.05.10 08:00)
[20180701_105019 / views.py:2297] price up : 0.033 (date : 2018.05.10 09:00)
[20180701_105019 / views.py:2297] price up : 0.027 (date : 2018.05.10 10:00)
[20180701_105019 / views.py:2297] price up : 0.032 (date : 2018.05.10 12:00)
[20180701_105019 / views.py:2297] price up : 0.007 (date : 2018.05.10 13:00)
[20180701_105019 / views.py:2297] price up : 0.069 (date : 2018.05.10 14:00)
[20180701_105019 / views.py:2297] price up : 0.150 (date : 2018.05.10 16:00)
[20180701_105019 / views.py:2297] price up : 0.153 (date : 2018.05.10 17:00)
[20180701_105019 / views.py:2297] price up : 0.045 (date : 2018.05.10 20:00)
[20180701_105019 / views.py:2297] price up : 0.031 (date : 2018.05.10 21:00)
[20180701_105019 / views.py:2297] price up : 0.249 (date : 2018.05.10 22:00)
[20180701_105019 / views.py:2297] price up : 0.122 (date : 2018.05.11 01:00)
[20180701_105019 / views.py:2297] price up : 0.019 (date : 2018.05.11 02:00)
[20180701_105019 / views.py:2297] price up : 0.093 (date : 2018.05.11 03:00)
[20180701_105019 / views.py:2297] price up : 0.026 (date : 2018.05.11 04:00)
[20180701_105019 / views.py:2297] price up : 0.006 (date : 2018.05.11 07:00)
[20180701_105019 / views.py:2297] price up : 0.019 (date : 2018.05.11 11:00)
[20180701_105019 / views.py:2297] price up : 0.048 (date : 2018.05.11 12:00)
[20180701_105019 / views.py:2297] price up : 0.089 (date : 2018.05.11 13:00)
[20180701_105019 / views.py:2297] price up : 0.030 (date : 2018.05.11 15:00)
[20180701_105019 / views.py:2297] price up : 0.095 (date : 2018.05.11 18:00)
[20180701_105019 / views.py:2326] stats ==>
price-up = 33 / total = 60 / up ratio = 0.550

