
[20180917_080058 / libfx.py:4169] BUSL_3__Res_1__DetectPatterns__UpDownPattern starting... =========
file = 44_3.2_15_file-io.EURJPY.Period-H1.Days-5000.Bars-120000.20180903_135341.2018-07.csv
[20180917_080058 / libfx.py:3944] lo_Model : [0,0,0,0,0]
[20180917_080058 / libfx.py:3989] detected (12) : (2018.07.31 04:00)	(2018.07.31 11:00)
[20180917_080058 / libfx.py:3989] detected (13) : (2018.07.31 03:00)	(2018.07.31 10:00)
[20180917_080058 / libfx.py:3989] detected (14) : (2018.07.31 02:00)	(2018.07.31 09:00)
[20180917_080058 / libfx.py:3989] detected (39) : (2018.07.30 01:00)	(2018.07.30 08:00)
[20180917_080058 / libfx.py:3989] detected (166) : (2018.07.20 18:00)	(2018.07.21 01:00)
[20180917_080058 / libfx.py:3989] detected (167) : (2018.07.20 17:00)	(2018.07.21 00:00)
[20180917_080058 / libfx.py:3989] detected (220) : (2018.07.18 12:00)	(2018.07.18 19:00)
[20180917_080058 / libfx.py:3989] detected (221) : (2018.07.18 11:00)	(2018.07.18 18:00)
[20180917_080058 / libfx.py:3989] detected (292) : (2018.07.13 12:00)	(2018.07.13 19:00)
[20180917_080058 / libfx.py:3989] detected (437) : (2018.07.05 11:00)	(2018.07.05 18:00)
[20180917_080058 / libfx.py:3989] detected (453) : (2018.07.04 19:00)	(2018.07.05 02:00)
[20180917_080058 / libfx.py:3989] detected (454) : (2018.07.04 18:00)	(2018.07.05 01:00)
[20180917_080058 / libfx.py:3989] detected (455) : (2018.07.04 17:00)	(2018.07.05 00:00)
[20180917_080059 / libfx.py:3989] detected (456) : (2018.07.04 16:00)	(2018.07.04 23:00)
[20180917_080059 / libfx.py:4016] total = 515 / matches = 14, 2.72%
 

[20180917_080059 / libfx.py:4169] BUSL_3__Res_1__DetectPatterns__UpDownPattern starting... =========
file = 44_3.2_15_file-io.EURJPY.Period-H1.Days-5000.Bars-120000.20180903_135341.2018-07.csv
[20180917_080059 / libfx.py:3944] lo_Model : [0,0,0,0,1]
[20180917_080059 / libfx.py:3989] detected (15) : (2018.07.31 01:00)	(2018.07.31 08:00)
[20180917_080059 / libfx.py:3989] detected (40) : (2018.07.30 00:00)	(2018.07.30 07:00)
[20180917_080059 / libfx.py:3989] detected (87) : (2018.07.26 01:00)	(2018.07.26 08:00)
[20180917_080059 / libfx.py:3989] detected (152) : (2018.07.23 08:00)	(2018.07.23 15:00)
[20180917_080059 / libfx.py:3989] detected (168) : (2018.07.20 16:00)	(2018.07.20 23:00)
[20180917_080059 / libfx.py:3989] detected (222) : (2018.07.18 10:00)	(2018.07.18 17:00)
[20180917_080059 / libfx.py:3989] detected (293) : (2018.07.13 11:00)	(2018.07.13 18:00)
[20180917_080059 / libfx.py:3989] detected (314) : (2018.07.12 14:00)	(2018.07.12 21:00)
[20180917_080059 / libfx.py:3989] detected (319) : (2018.07.12 09:00)	(2018.07.12 16:00)
[20180917_080059 / libfx.py:3989] detected (325) : (2018.07.12 03:00)	(2018.07.12 10:00)
[20180917_080059 / libfx.py:3989] detected (353) : (2018.07.10 23:00)	(2018.07.11 06:00)
[20180917_080059 / libfx.py:3989] detected (362) : (2018.07.10 14:00)	(2018.07.10 21:00)
[20180917_080059 / libfx.py:3989] detected (412) : (2018.07.06 12:00)	(2018.07.06 19:00)
[20180917_080059 / libfx.py:3989] detected (438) : (2018.07.05 10:00)	(2018.07.05 17:00)
[20180917_080059 / libfx.py:3989] detected (457) : (2018.07.04 15:00)	(2018.07.04 22:00)
[20180917_080059 / libfx.py:4016] total = 515 / matches = 15, 2.91%
 

[20180917_080059 / libfx.py:4169] BUSL_3__Res_1__DetectPatterns__UpDownPattern starting... =========
file = 44_3.2_15_file-io.EURJPY.Period-H1.Days-5000.Bars-120000.20180903_135341.2018-07.csv
[20180917_080059 / libfx.py:3944] lo_Model : [0,0,0,1,0]
[20180917_080059 / libfx.py:3989] detected (6) : (2018.07.31 10:00)	(2018.07.31 17:00)
[20180917_080059 / libfx.py:3989] detected (35) : (2018.07.30 05:00)	(2018.07.30 12:00)
[20180917_080059 / libfx.py:3989] detected (41) : (2018.07.27 23:00)	(2018.07.28 06:00)
[20180917_080059 / libfx.py:3989] detected (54) : (2018.07.27 10:00)	(2018.07.27 17:00)
[20180917_080100 / libfx.py:3989] detected (58) : (2018.07.27 06:00)	(2018.07.27 13:00)
[20180917_080100 / libfx.py:3989] detected (88) : (2018.07.26 00:00)	(2018.07.26 07:00)
[20180917_080100 / libfx.py:3989] detected (153) : (2018.07.23 07:00)	(2018.07.23 14:00)
[20180917_080100 / libfx.py:3989] detected (211) : (2018.07.18 21:00)	(2018.07.19 04:00)
[20180917_080100 / libfx.py:3989] detected (223) : (2018.07.18 09:00)	(2018.07.18 16:00)
[20180917_080100 / libfx.py:3989] detected (294) : (2018.07.13 10:00)	(2018.07.13 17:00)
[20180917_080100 / libfx.py:3989] detected (298) : (2018.07.13 06:00)	(2018.07.13 13:00)
[20180917_080100 / libfx.py:3989] detected (310) : (2018.07.12 18:00)	(2018.07.13 01:00)
[20180917_080100 / libfx.py:3989] detected (315) : (2018.07.12 13:00)	(2018.07.12 20:00)
[20180917_080100 / libfx.py:3989] detected (349) : (2018.07.11 03:00)	(2018.07.11 10:00)
[20180917_080100 / libfx.py:3989] detected (363) : (2018.07.10 13:00)	(2018.07.10 20:00)
[20180917_080100 / libfx.py:3989] detected (367) : (2018.07.10 09:00)	(2018.07.10 16:00)
[20180917_080100 / libfx.py:3989] detected (398) : (2018.07.09 02:00)	(2018.07.09 09:00)
[20180917_080100 / libfx.py:3989] detected (439) : (2018.07.05 09:00)	(2018.07.05 16:00)
[20180917_080100 / libfx.py:3989] detected (447) : (2018.07.05 01:00)	(2018.07.05 08:00)
[20180917_080100 / libfx.py:3989] detected (458) : (2018.07.04 14:00)	(2018.07.04 21:00)
[20180917_080100 / libfx.py:3989] detected (467) : (2018.07.04 05:00)	(2018.07.04 12:00)
[20180917_080100 / libfx.py:4016] total = 515 / matches = 21, 4.08%
 

[20180917_080100 / libfx.py:4169] BUSL_3__Res_1__DetectPatterns__UpDownPattern starting... =========
file = 44_3.2_15_file-io.EURJPY.Period-H1.Days-5000.Bars-120000.20180903_135341.2018-07.csv
[20180917_080100 / libfx.py:3944] lo_Model : [0,0,0,1,1]
[20180917_080100 / libfx.py:3989] detected (16) : (2018.07.31 00:00)	(2018.07.31 07:00)
[20180917_080100 / libfx.py:3989] detected (49) : (2018.07.27 15:00)	(2018.07.27 22:00)
[20180917_080100 / libfx.py:3989] detected (116) : (2018.07.24 20:00)	(2018.07.25 03:00)
[20180917_080100 / libfx.py:3989] detected (169) : (2018.07.20 15:00)	(2018.07.20 22:00)
[20180917_080100 / libfx.py:3989] detected (190) : (2018.07.19 18:00)	(2018.07.20 01:00)
[20180917_080100 / libfx.py:3989] detected (257) : (2018.07.16 23:00)	(2018.07.17 06:00)
[20180917_080100 / libfx.py:3989] detected (262) : (2018.07.16 18:00)	(2018.07.17 01:00)
[20180917_080100 / libfx.py:3989] detected (320) : (2018.07.12 08:00)	(2018.07.12 15:00)
[20180917_080100 / libfx.py:3989] detected (326) : (2018.07.12 02:00)	(2018.07.12 09:00)
[20180917_080100 / libfx.py:3989] detected (354) : (2018.07.10 22:00)	(2018.07.11 05:00)
[20180917_080100 / libfx.py:3989] detected (382) : (2018.07.09 18:00)	(2018.07.10 01:00)
[20180917_080100 / libfx.py:3989] detected (402) : (2018.07.06 22:00)	(2018.07.07 05:00)
[20180917_080100 / libfx.py:3989] detected (413) : (2018.07.06 11:00)	(2018.07.06 18:00)
[20180917_080100 / libfx.py:4016] total = 515 / matches = 13, 2.52%
 

[20180917_080100 / libfx.py:4169] BUSL_3__Res_1__DetectPatterns__UpDownPattern starting... =========
file = 44_3.2_15_file-io.EURJPY.Period-H1.Days-5000.Bars-120000.20180903_135341.2018-07.csv
[20180917_080100 / libfx.py:3944] lo_Model : [0,0,1,0,0]
[20180917_080100 / libfx.py:3989] detected (36) : (2018.07.30 04:00)	(2018.07.30 11:00)
[20180917_080100 / libfx.py:3989] detected (55) : (2018.07.27 09:00)	(2018.07.27 16:00)
[20180917_080100 / libfx.py:3989] detected (89) : (2018.07.25 23:00)	(2018.07.26 06:00)
[20180917_080101 / libfx.py:3989] detected (154) : (2018.07.23 06:00)	(2018.07.23 13:00)
[20180917_080101 / libfx.py:3989] detected (212) : (2018.07.18 20:00)	(2018.07.19 03:00)
[20180917_080101 / libfx.py:3989] detected (224) : (2018.07.18 08:00)	(2018.07.18 15:00)
[20180917_080101 / libfx.py:3989] detected (254) : (2018.07.17 02:00)	(2018.07.17 09:00)
[20180917_080101 / libfx.py:3989] detected (295) : (2018.07.13 09:00)	(2018.07.13 16:00)
[20180917_080101 / libfx.py:3989] detected (311) : (2018.07.12 17:00)	(2018.07.13 00:00)
[20180917_080101 / libfx.py:3989] detected (316) : (2018.07.12 12:00)	(2018.07.12 19:00)
[20180917_080101 / libfx.py:3989] detected (350) : (2018.07.11 02:00)	(2018.07.11 09:00)
[20180917_080101 / libfx.py:3989] detected (359) : (2018.07.10 17:00)	(2018.07.11 00:00)
[20180917_080101 / libfx.py:3989] detected (364) : (2018.07.10 12:00)	(2018.07.10 19:00)
[20180917_080101 / libfx.py:3989] detected (368) : (2018.07.10 08:00)	(2018.07.10 15:00)
[20180917_080101 / libfx.py:3989] detected (399) : (2018.07.09 01:00)	(2018.07.09 08:00)
[20180917_080101 / libfx.py:3989] detected (421) : (2018.07.06 03:00)	(2018.07.06 10:00)
[20180917_080101 / libfx.py:3989] detected (424) : (2018.07.06 00:00)	(2018.07.06 07:00)
[20180917_080101 / libfx.py:3989] detected (506) : (2018.07.02 14:00)	(2018.07.02 21:00)
[20180917_080101 / libfx.py:4016] total = 515 / matches = 18, 3.50%
 

[20180917_080101 / libfx.py:4169] BUSL_3__Res_1__DetectPatterns__UpDownPattern starting... =========
file = 44_3.2_15_file-io.EURJPY.Period-H1.Days-5000.Bars-120000.20180903_135341.2018-07.csv
[20180917_080101 / libfx.py:3944] lo_Model : [0,0,1,0,1]
[20180917_080101 / libfx.py:3989] detected (7) : (2018.07.31 09:00)	(2018.07.31 16:00)
[20180917_080101 / libfx.py:3989] detected (42) : (2018.07.27 22:00)	(2018.07.28 05:00)
[20180917_080101 / libfx.py:3989] detected (59) : (2018.07.27 05:00)	(2018.07.27 12:00)
[20180917_080101 / libfx.py:3989] detected (75) : (2018.07.26 13:00)	(2018.07.26 20:00)
[20180917_080101 / libfx.py:3989] detected (100) : (2018.07.25 12:00)	(2018.07.25 19:00)
[20180917_080101 / libfx.py:3989] detected (157) : (2018.07.23 03:00)	(2018.07.23 10:00)
[20180917_080102 / libfx.py:3989] detected (179) : (2018.07.20 05:00)	(2018.07.20 12:00)
[20180917_080102 / libfx.py:3989] detected (299) : (2018.07.13 05:00)	(2018.07.13 12:00)
[20180917_080102 / libfx.py:3989] detected (331) : (2018.07.11 21:00)	(2018.07.12 04:00)
[20180917_080102 / libfx.py:3989] detected (440) : (2018.07.05 08:00)	(2018.07.05 15:00)
[20180917_080102 / libfx.py:3989] detected (448) : (2018.07.05 00:00)	(2018.07.05 07:00)
[20180917_080102 / libfx.py:3989] detected (459) : (2018.07.04 13:00)	(2018.07.04 20:00)
[20180917_080102 / libfx.py:3989] detected (468) : (2018.07.04 04:00)	(2018.07.04 11:00)
[20180917_080102 / libfx.py:3989] detected (499) : (2018.07.02 21:00)	(2018.07.03 04:00)
[20180917_080102 / libfx.py:4016] total = 515 / matches = 14, 2.72%
 

[20180917_080102 / libfx.py:4169] BUSL_3__Res_1__DetectPatterns__UpDownPattern starting... =========
file = 44_3.2_15_file-io.EURJPY.Period-H1.Days-5000.Bars-120000.20180903_135341.2018-07.csv
[20180917_080102 / libfx.py:3944] lo_Model : [0,0,1,1,0]
[20180917_080102 / libfx.py:3989] detected (50) : (2018.07.27 14:00)	(2018.07.27 21:00)
[20180917_080102 / libfx.py:3989] detected (81) : (2018.07.26 07:00)	(2018.07.26 14:00)
[20180917_080103 / libfx.py:3989] detected (108) : (2018.07.25 04:00)	(2018.07.25 11:00)
[20180917_080103 / libfx.py:3989] detected (258) : (2018.07.16 22:00)	(2018.07.17 05:00)
[20180917_080103 / libfx.py:3989] detected (278) : (2018.07.16 02:00)	(2018.07.16 09:00)
[20180917_080103 / libfx.py:3989] detected (321) : (2018.07.12 07:00)	(2018.07.12 14:00)
[20180917_080103 / libfx.py:3989] detected (327) : (2018.07.12 01:00)	(2018.07.12 08:00)
[20180917_080103 / libfx.py:3989] detected (345) : (2018.07.11 07:00)	(2018.07.11 14:00)
[20180917_080103 / libfx.py:3989] detected (355) : (2018.07.10 21:00)	(2018.07.11 04:00)
[20180917_080103 / libfx.py:3989] detected (383) : (2018.07.09 17:00)	(2018.07.10 00:00)
[20180917_080103 / libfx.py:3989] detected (403) : (2018.07.06 21:00)	(2018.07.07 04:00)
[20180917_080103 / libfx.py:3989] detected (427) : (2018.07.05 21:00)	(2018.07.06 04:00)
[20180917_080103 / libfx.py:3989] detected (431) : (2018.07.05 17:00)	(2018.07.06 00:00)
[20180917_080103 / libfx.py:3989] detected (509) : (2018.07.02 11:00)	(2018.07.02 18:00)
[20180917_080103 / libfx.py:4016] total = 515 / matches = 14, 2.72%
 

[20180917_080103 / libfx.py:4169] BUSL_3__Res_1__DetectPatterns__UpDownPattern starting... =========
file = 44_3.2_15_file-io.EURJPY.Period-H1.Days-5000.Bars-120000.20180903_135341.2018-07.csv
[20180917_080104 / libfx.py:3944] lo_Model : [0,0,1,1,1]
[20180917_080104 / libfx.py:3989] detected (17) : (2018.07.30 23:00)	(2018.07.31 06:00)
[20180917_080104 / libfx.py:3989] detected (30) : (2018.07.30 10:00)	(2018.07.30 17:00)
[20180917_080104 / libfx.py:3989] detected (92) : (2018.07.25 20:00)	(2018.07.26 03:00)
[20180917_080104 / libfx.py:3989] detected (117) : (2018.07.24 19:00)	(2018.07.25 02:00)
[20180917_080104 / libfx.py:3989] detected (170) : (2018.07.20 14:00)	(2018.07.20 21:00)
[20180917_080104 / libfx.py:3989] detected (191) : (2018.07.19 17:00)	(2018.07.20 00:00)
[20180917_080104 / libfx.py:3989] detected (215) : (2018.07.18 17:00)	(2018.07.19 00:00)
[20180917_080104 / libfx.py:3989] detected (227) : (2018.07.18 05:00)	(2018.07.18 12:00)
[20180917_080104 / libfx.py:3989] detected (236) : (2018.07.17 20:00)	(2018.07.18 03:00)
[20180917_080104 / libfx.py:3989] detected (263) : (2018.07.16 17:00)	(2018.07.17 00:00)
[20180917_080104 / libfx.py:3989] detected (282) : (2018.07.13 22:00)	(2018.07.14 05:00)
[20180917_080104 / libfx.py:3989] detected (371) : (2018.07.10 05:00)	(2018.07.10 12:00)
[20180917_080104 / libfx.py:3989] detected (414) : (2018.07.06 10:00)	(2018.07.06 17:00)
[20180917_080104 / libfx.py:3989] detected (493) : (2018.07.03 03:00)	(2018.07.03 10:00)
[20180917_080104 / libfx.py:4016] total = 515 / matches = 14, 2.72%
 

[20180917_080104 / libfx.py:4169] BUSL_3__Res_1__DetectPatterns__UpDownPattern starting... =========
file = 44_3.2_15_file-io.EURJPY.Period-H1.Days-5000.Bars-120000.20180903_135341.2018-07.csv
[20180917_080104 / libfx.py:3944] lo_Model : [0,1,0,0,0]
[20180917_080104 / libfx.py:3989] detected (10) : (2018.07.31 06:00)	(2018.07.31 13:00)
[20180917_080104 / libfx.py:3989] detected (37) : (2018.07.30 03:00)	(2018.07.30 10:00)
[20180917_080104 / libfx.py:3989] detected (47) : (2018.07.27 17:00)	(2018.07.28 00:00)
[20180917_080104 / libfx.py:3989] detected (56) : (2018.07.27 08:00)	(2018.07.27 15:00)
[20180917_080104 / libfx.py:3989] detected (85) : (2018.07.26 03:00)	(2018.07.26 10:00)
[20180917_080104 / libfx.py:3989] detected (114) : (2018.07.24 22:00)	(2018.07.25 05:00)
[20180917_080105 / libfx.py:3989] detected (150) : (2018.07.23 10:00)	(2018.07.23 17:00)
[20180917_080105 / libfx.py:3989] detected (188) : (2018.07.19 20:00)	(2018.07.20 03:00)
[20180917_080105 / libfx.py:3989] detected (209) : (2018.07.18 23:00)	(2018.07.19 06:00)
[20180917_080105 / libfx.py:3989] detected (255) : (2018.07.17 01:00)	(2018.07.17 08:00)
[20180917_080105 / libfx.py:3989] detected (296) : (2018.07.13 08:00)	(2018.07.13 15:00)
[20180917_080105 / libfx.py:3989] detected (308) : (2018.07.12 20:00)	(2018.07.13 03:00)
[20180917_080105 / libfx.py:3989] detected (312) : (2018.07.12 16:00)	(2018.07.12 23:00)
[20180917_080105 / libfx.py:3989] detected (317) : (2018.07.12 11:00)	(2018.07.12 18:00)
[20180917_080105 / libfx.py:3989] detected (351) : (2018.07.11 01:00)	(2018.07.11 08:00)
[20180917_080105 / libfx.py:3989] detected (360) : (2018.07.10 16:00)	(2018.07.10 23:00)
[20180917_080105 / libfx.py:3989] detected (365) : (2018.07.10 11:00)	(2018.07.10 18:00)
[20180917_080105 / libfx.py:3989] detected (380) : (2018.07.09 20:00)	(2018.07.10 03:00)
[20180917_080105 / libfx.py:3989] detected (400) : (2018.07.09 00:00)	(2018.07.09 07:00)
[20180917_080105 / libfx.py:3989] detected (435) : (2018.07.05 13:00)	(2018.07.05 20:00)
[20180917_080105 / libfx.py:3989] detected (445) : (2018.07.05 03:00)	(2018.07.05 10:00)
[20180917_080105 / libfx.py:3989] detected (451) : (2018.07.04 21:00)	(2018.07.05 04:00)
[20180917_080105 / libfx.py:3989] detected (465) : (2018.07.04 07:00)	(2018.07.04 14:00)
[20180917_080105 / libfx.py:4016] total = 515 / matches = 23, 4.47%
 

[20180917_080106 / libfx.py:4169] BUSL_3__Res_1__DetectPatterns__UpDownPattern starting... =========
file = 44_3.2_15_file-io.EURJPY.Period-H1.Days-5000.Bars-120000.20180903_135341.2018-07.csv
[20180917_080106 / libfx.py:3944] lo_Model : [0,1,0,0,1]
[20180917_080106 / libfx.py:3989] detected (28) : (2018.07.30 12:00)	(2018.07.30 19:00)
[20180917_080106 / libfx.py:3989] detected (90) : (2018.07.25 22:00)	(2018.07.26 05:00)
[20180917_080106 / libfx.py:3989] detected (98) : (2018.07.25 14:00)	(2018.07.25 21:00)
[20180917_080106 / libfx.py:3989] detected (106) : (2018.07.25 06:00)	(2018.07.25 13:00)
[20180917_080106 / libfx.py:3989] detected (155) : (2018.07.23 05:00)	(2018.07.23 12:00)
[20180917_080106 / libfx.py:3989] detected (177) : (2018.07.20 07:00)	(2018.07.20 14:00)
[20180917_080106 / libfx.py:3989] detected (213) : (2018.07.18 19:00)	(2018.07.19 02:00)
[20180917_080107 / libfx.py:3989] detected (225) : (2018.07.18 07:00)	(2018.07.18 14:00)
[20180917_080107 / libfx.py:3989] detected (234) : (2018.07.17 22:00)	(2018.07.18 05:00)
[20180917_080107 / libfx.py:3989] detected (276) : (2018.07.16 04:00)	(2018.07.16 11:00)
[20180917_080107 / libfx.py:3989] detected (369) : (2018.07.10 07:00)	(2018.07.10 14:00)
[20180917_080107 / libfx.py:3989] detected (422) : (2018.07.06 02:00)	(2018.07.06 09:00)
[20180917_080107 / libfx.py:3989] detected (425) : (2018.07.05 23:00)	(2018.07.06 06:00)
[20180917_080107 / libfx.py:3989] detected (507) : (2018.07.02 13:00)	(2018.07.02 20:00)
[20180917_080107 / libfx.py:4016] total = 515 / matches = 14, 2.72%
 

[20180917_080107 / libfx.py:4169] BUSL_3__Res_1__DetectPatterns__UpDownPattern starting... =========
file = 44_3.2_15_file-io.EURJPY.Period-H1.Days-5000.Bars-120000.20180903_135341.2018-07.csv
[20180917_080108 / libfx.py:3944] lo_Model : [0,1,0,1,0]
[20180917_080108 / libfx.py:3989] detected (8) : (2018.07.31 08:00)	(2018.07.31 15:00)
[20180917_080108 / libfx.py:3989] detected (43) : (2018.07.27 21:00)	(2018.07.28 04:00)
[20180917_080108 / libfx.py:3989] detected (45) : (2018.07.27 19:00)	(2018.07.28 02:00)
[20180917_080108 / libfx.py:3989] detected (66) : (2018.07.26 22:00)	(2018.07.27 05:00)
[20180917_080108 / libfx.py:3989] detected (112) : (2018.07.25 00:00)	(2018.07.25 07:00)
[20180917_080108 / libfx.py:3989] detected (138) : (2018.07.23 22:00)	(2018.07.24 05:00)
[20180917_080108 / libfx.py:3989] detected (140) : (2018.07.23 20:00)	(2018.07.24 03:00)
[20180917_080108 / libfx.py:3989] detected (148) : (2018.07.23 12:00)	(2018.07.23 19:00)
[20180917_080108 / libfx.py:3989] detected (175) : (2018.07.20 09:00)	(2018.07.20 16:00)
[20180917_080108 / libfx.py:3989] detected (232) : (2018.07.18 00:00)	(2018.07.18 07:00)
[20180917_080109 / libfx.py:3989] detected (242) : (2018.07.17 14:00)	(2018.07.17 21:00)
[20180917_080109 / libfx.py:3989] detected (272) : (2018.07.16 08:00)	(2018.07.16 15:00)
[20180917_080109 / libfx.py:3989] detected (274) : (2018.07.16 06:00)	(2018.07.16 13:00)
[20180917_080109 / libfx.py:3989] detected (376) : (2018.07.10 00:00)	(2018.07.10 07:00)
[20180917_080109 / libfx.py:3989] detected (378) : (2018.07.09 22:00)	(2018.07.10 05:00)
[20180917_080109 / libfx.py:3989] detected (387) : (2018.07.09 13:00)	(2018.07.09 20:00)
[20180917_080109 / libfx.py:3989] detected (389) : (2018.07.09 11:00)	(2018.07.09 18:00)
[20180917_080109 / libfx.py:3989] detected (391) : (2018.07.09 09:00)	(2018.07.09 16:00)
[20180917_080109 / libfx.py:3989] detected (441) : (2018.07.05 07:00)	(2018.07.05 14:00)
[20180917_080109 / libfx.py:3989] detected (443) : (2018.07.05 05:00)	(2018.07.05 12:00)
[20180917_080109 / libfx.py:3989] detected (449) : (2018.07.04 23:00)	(2018.07.05 06:00)
[20180917_080109 / libfx.py:3989] detected (485) : (2018.07.03 11:00)	(2018.07.03 18:00)
[20180917_080109 / libfx.py:4016] total = 515 / matches = 22, 4.27%
 

[20180917_080109 / libfx.py:4169] BUSL_3__Res_1__DetectPatterns__UpDownPattern starting... =========
file = 44_3.2_15_file-io.EURJPY.Period-H1.Days-5000.Bars-120000.20180903_135341.2018-07.csv
[20180917_080109 / libfx.py:3944] lo_Model : [0,1,0,1,1]
[20180917_080109 / libfx.py:3989] detected (60) : (2018.07.27 04:00)	(2018.07.27 11:00)
[20180917_080109 / libfx.py:3989] detected (68) : (2018.07.26 20:00)	(2018.07.27 03:00)
[20180917_080109 / libfx.py:3989] detected (76) : (2018.07.26 12:00)	(2018.07.26 19:00)
[20180917_080109 / libfx.py:3989] detected (101) : (2018.07.25 11:00)	(2018.07.25 18:00)
[20180917_080109 / libfx.py:3989] detected (125) : (2018.07.24 11:00)	(2018.07.24 18:00)
[20180917_080109 / libfx.py:3989] detected (130) : (2018.07.24 06:00)	(2018.07.24 13:00)
[20180917_080109 / libfx.py:3989] detected (142) : (2018.07.23 18:00)	(2018.07.24 01:00)
[20180917_080109 / libfx.py:3989] detected (158) : (2018.07.23 02:00)	(2018.07.23 09:00)
[20180917_080109 / libfx.py:3989] detected (180) : (2018.07.20 04:00)	(2018.07.20 11:00)
[20180917_080109 / libfx.py:3989] detected (197) : (2018.07.19 11:00)	(2018.07.19 18:00)
[20180917_080109 / libfx.py:3989] detected (244) : (2018.07.17 12:00)	(2018.07.17 19:00)
[20180917_080109 / libfx.py:3989] detected (300) : (2018.07.13 04:00)	(2018.07.13 11:00)
[20180917_080109 / libfx.py:3989] detected (332) : (2018.07.11 20:00)	(2018.07.12 03:00)
[20180917_080109 / libfx.py:3989] detected (340) : (2018.07.11 12:00)	(2018.07.11 19:00)
[20180917_080110 / libfx.py:3989] detected (393) : (2018.07.09 07:00)	(2018.07.09 14:00)
[20180917_080110 / libfx.py:3989] detected (460) : (2018.07.04 12:00)	(2018.07.04 19:00)
[20180917_080110 / libfx.py:3989] detected (469) : (2018.07.04 03:00)	(2018.07.04 10:00)
[20180917_080110 / libfx.py:3989] detected (487) : (2018.07.03 09:00)	(2018.07.03 16:00)
[20180917_080110 / libfx.py:3989] detected (500) : (2018.07.02 20:00)	(2018.07.03 03:00)
[20180917_080110 / libfx.py:4016] total = 515 / matches = 19, 3.69%
 

[20180917_080110 / libfx.py:4169] BUSL_3__Res_1__DetectPatterns__UpDownPattern starting... =========
file = 44_3.2_15_file-io.EURJPY.Period-H1.Days-5000.Bars-120000.20180903_135341.2018-07.csv
[20180917_080110 / libfx.py:3944] lo_Model : [0,1,1,0,0]
[20180917_080110 / libfx.py:3989] detected (3) : (2018.07.31 13:00)	(2018.07.31 20:00)
[20180917_080110 / libfx.py:3989] detected (51) : (2018.07.27 13:00)	(2018.07.27 20:00)
[20180917_080110 / libfx.py:3989] detected (78) : (2018.07.26 10:00)	(2018.07.26 17:00)
[20180917_080110 / libfx.py:3989] detected (259) : (2018.07.16 21:00)	(2018.07.17 04:00)
[20180917_080110 / libfx.py:3989] detected (279) : (2018.07.16 01:00)	(2018.07.16 08:00)
[20180917_080110 / libfx.py:3989] detected (322) : (2018.07.12 06:00)	(2018.07.12 13:00)
[20180917_080110 / libfx.py:3989] detected (328) : (2018.07.12 00:00)	(2018.07.12 07:00)
[20180917_080110 / libfx.py:3989] detected (342) : (2018.07.11 10:00)	(2018.07.11 17:00)
[20180917_080110 / libfx.py:3989] detected (346) : (2018.07.11 06:00)	(2018.07.11 13:00)
[20180917_080110 / libfx.py:3989] detected (356) : (2018.07.10 20:00)	(2018.07.11 03:00)
[20180917_080110 / libfx.py:3989] detected (395) : (2018.07.09 05:00)	(2018.07.09 12:00)
[20180917_080110 / libfx.py:3989] detected (428) : (2018.07.05 20:00)	(2018.07.06 03:00)
[20180917_080110 / libfx.py:4016] total = 515 / matches = 12, 2.33%
 

[20180917_080110 / libfx.py:4169] BUSL_3__Res_1__DetectPatterns__UpDownPattern starting... =========
file = 44_3.2_15_file-io.EURJPY.Period-H1.Days-5000.Bars-120000.20180903_135341.2018-07.csv
[20180917_080110 / libfx.py:3944] lo_Model : [0,1,1,0,1]
[20180917_080110 / libfx.py:3989] detected (82) : (2018.07.26 06:00)	(2018.07.26 13:00)
[20180917_080110 / libfx.py:3989] detected (103) : (2018.07.25 09:00)	(2018.07.25 16:00)
[20180917_080110 / libfx.py:3989] detected (109) : (2018.07.25 03:00)	(2018.07.25 10:00)
[20180917_080110 / libfx.py:3989] detected (127) : (2018.07.24 09:00)	(2018.07.24 16:00)
[20180917_080110 / libfx.py:3989] detected (132) : (2018.07.24 04:00)	(2018.07.24 11:00)
[20180917_080110 / libfx.py:3989] detected (135) : (2018.07.24 01:00)	(2018.07.24 08:00)
[20180917_080110 / libfx.py:3989] detected (182) : (2018.07.20 02:00)	(2018.07.20 09:00)
[20180917_080110 / libfx.py:3989] detected (185) : (2018.07.19 23:00)	(2018.07.20 06:00)
[20180917_080110 / libfx.py:3989] detected (203) : (2018.07.19 05:00)	(2018.07.19 12:00)
[20180917_080110 / libfx.py:3989] detected (206) : (2018.07.19 02:00)	(2018.07.19 09:00)
[20180917_080110 / libfx.py:3989] detected (246) : (2018.07.17 10:00)	(2018.07.17 17:00)
[20180917_080110 / libfx.py:3989] detected (384) : (2018.07.09 16:00)	(2018.07.09 23:00)
[20180917_080110 / libfx.py:3989] detected (404) : (2018.07.06 20:00)	(2018.07.07 03:00)
[20180917_080110 / libfx.py:3989] detected (432) : (2018.07.05 16:00)	(2018.07.05 23:00)
[20180917_080110 / libfx.py:3989] detected (462) : (2018.07.04 10:00)	(2018.07.04 17:00)
[20180917_080111 / libfx.py:3989] detected (479) : (2018.07.03 17:00)	(2018.07.04 00:00)
[20180917_080111 / libfx.py:3989] detected (482) : (2018.07.03 14:00)	(2018.07.03 21:00)
[20180917_080111 / libfx.py:3989] detected (510) : (2018.07.02 10:00)	(2018.07.02 17:00)
[20180917_080111 / libfx.py:3989] detected (513) : (2018.07.02 07:00)	(2018.07.02 14:00)
[20180917_080111 / libfx.py:4016] total = 515 / matches = 19, 3.69%
 

[20180917_080111 / libfx.py:4169] BUSL_3__Res_1__DetectPatterns__UpDownPattern starting... =========
file = 44_3.2_15_file-io.EURJPY.Period-H1.Days-5000.Bars-120000.20180903_135341.2018-07.csv
[20180917_080111 / libfx.py:3944] lo_Model : [0,1,1,1,0]
[20180917_080111 / libfx.py:3989] detected (24) : (2018.07.30 16:00)	(2018.07.30 23:00)
[20180917_080111 / libfx.py:3989] detected (31) : (2018.07.30 09:00)	(2018.07.30 16:00)
[20180917_080111 / libfx.py:3989] detected (62) : (2018.07.27 02:00)	(2018.07.27 09:00)
[20180917_080111 / libfx.py:3989] detected (144) : (2018.07.23 16:00)	(2018.07.23 23:00)
[20180917_080111 / libfx.py:3989] detected (171) : (2018.07.20 13:00)	(2018.07.20 20:00)
[20180917_080111 / libfx.py:3989] detected (199) : (2018.07.19 09:00)	(2018.07.19 16:00)
[20180917_080111 / libfx.py:3989] detected (216) : (2018.07.18 16:00)	(2018.07.18 23:00)
[20180917_080111 / libfx.py:3989] detected (228) : (2018.07.18 04:00)	(2018.07.18 11:00)
[20180917_080111 / libfx.py:3989] detected (264) : (2018.07.16 16:00)	(2018.07.16 23:00)
[20180917_080111 / libfx.py:3989] detected (268) : (2018.07.16 12:00)	(2018.07.16 19:00)
[20180917_080111 / libfx.py:3989] detected (372) : (2018.07.10 04:00)	(2018.07.10 11:00)
[20180917_080111 / libfx.py:3989] detected (471) : (2018.07.04 01:00)	(2018.07.04 08:00)
[20180917_080111 / libfx.py:3989] detected (475) : (2018.07.03 21:00)	(2018.07.04 04:00)
[20180917_080111 / libfx.py:3989] detected (489) : (2018.07.03 07:00)	(2018.07.03 14:00)
[20180917_080111 / libfx.py:3989] detected (502) : (2018.07.02 18:00)	(2018.07.03 01:00)
[20180917_080111 / libfx.py:4016] total = 515 / matches = 15, 2.91%
 

[20180917_080111 / libfx.py:4169] BUSL_3__Res_1__DetectPatterns__UpDownPattern starting... =========
file = 44_3.2_15_file-io.EURJPY.Period-H1.Days-5000.Bars-120000.20180903_135341.2018-07.csv
[20180917_080111 / libfx.py:3944] lo_Model : [0,1,1,1,1]
[20180917_080111 / libfx.py:3989] detected (18) : (2018.07.30 22:00)	(2018.07.31 05:00)
[20180917_080111 / libfx.py:3989] detected (70) : (2018.07.26 18:00)	(2018.07.27 01:00)
[20180917_080111 / libfx.py:3989] detected (93) : (2018.07.25 19:00)	(2018.07.26 02:00)
[20180917_080111 / libfx.py:3989] detected (118) : (2018.07.24 18:00)	(2018.07.25 01:00)
[20180917_080111 / libfx.py:3989] detected (160) : (2018.07.23 00:00)	(2018.07.23 07:00)
[20180917_080111 / libfx.py:3989] detected (192) : (2018.07.19 16:00)	(2018.07.19 23:00)
[20180917_080111 / libfx.py:3989] detected (237) : (2018.07.17 19:00)	(2018.07.18 02:00)
[20180917_080111 / libfx.py:3989] detected (249) : (2018.07.17 07:00)	(2018.07.17 14:00)
[20180917_080111 / libfx.py:3989] detected (283) : (2018.07.13 21:00)	(2018.07.14 04:00)
[20180917_080111 / libfx.py:3989] detected (302) : (2018.07.13 02:00)	(2018.07.13 09:00)
[20180917_080111 / libfx.py:3989] detected (334) : (2018.07.11 18:00)	(2018.07.12 01:00)
[20180917_080111 / libfx.py:3989] detected (407) : (2018.07.06 17:00)	(2018.07.07 00:00)
[20180917_080112 / libfx.py:3989] detected (415) : (2018.07.06 09:00)	(2018.07.06 16:00)
[20180917_080112 / libfx.py:3989] detected (494) : (2018.07.03 02:00)	(2018.07.03 09:00)
[20180917_080112 / libfx.py:4016] total = 515 / matches = 14, 2.72%
 

[20180917_080112 / libfx.py:4169] BUSL_3__Res_1__DetectPatterns__UpDownPattern starting... =========
file = 44_3.2_15_file-io.EURJPY.Period-H1.Days-5000.Bars-120000.20180903_135341.2018-07.csv
[20180917_080112 / libfx.py:3944] lo_Model : [1,0,0,0,0]
[20180917_080112 / libfx.py:3989] detected (11) : (2018.07.31 05:00)	(2018.07.31 12:00)
[20180917_080112 / libfx.py:3989] detected (38) : (2018.07.30 02:00)	(2018.07.30 09:00)
[20180917_080112 / libfx.py:3989] detected (86) : (2018.07.26 02:00)	(2018.07.26 09:00)
[20180917_080112 / libfx.py:3989] detected (151) : (2018.07.23 09:00)	(2018.07.23 16:00)
[20180917_080112 / libfx.py:3989] detected (165) : (2018.07.20 19:00)	(2018.07.21 02:00)
[20180917_080112 / libfx.py:3989] detected (219) : (2018.07.18 13:00)	(2018.07.18 20:00)
[20180917_080112 / libfx.py:3989] detected (291) : (2018.07.13 13:00)	(2018.07.13 20:00)
[20180917_080112 / libfx.py:3989] detected (313) : (2018.07.12 15:00)	(2018.07.12 22:00)
[20180917_080112 / libfx.py:3989] detected (318) : (2018.07.12 10:00)	(2018.07.12 17:00)
[20180917_080112 / libfx.py:3989] detected (324) : (2018.07.12 04:00)	(2018.07.12 11:00)
[20180917_080112 / libfx.py:3989] detected (352) : (2018.07.11 00:00)	(2018.07.11 07:00)
[20180917_080112 / libfx.py:3989] detected (361) : (2018.07.10 15:00)	(2018.07.10 22:00)
[20180917_080112 / libfx.py:3989] detected (411) : (2018.07.06 13:00)	(2018.07.06 20:00)
[20180917_080112 / libfx.py:3989] detected (436) : (2018.07.05 12:00)	(2018.07.05 19:00)
[20180917_080112 / libfx.py:3989] detected (452) : (2018.07.04 20:00)	(2018.07.05 03:00)
[20180917_080112 / libfx.py:4016] total = 515 / matches = 15, 2.91%
 

[20180917_080112 / libfx.py:4169] BUSL_3__Res_1__DetectPatterns__UpDownPattern starting... =========
file = 44_3.2_15_file-io.EURJPY.Period-H1.Days-5000.Bars-120000.20180903_135341.2018-07.csv
[20180917_080112 / libfx.py:3944] lo_Model : [1,0,0,0,1]
[20180917_080112 / libfx.py:3989] detected (5) : (2018.07.31 11:00)	(2018.07.31 18:00)
[20180917_080112 / libfx.py:3989] detected (34) : (2018.07.30 06:00)	(2018.07.30 13:00)
[20180917_080112 / libfx.py:3989] detected (48) : (2018.07.27 16:00)	(2018.07.27 23:00)
[20180917_080112 / libfx.py:3989] detected (53) : (2018.07.27 11:00)	(2018.07.27 18:00)
[20180917_080112 / libfx.py:3989] detected (57) : (2018.07.27 07:00)	(2018.07.27 14:00)
[20180917_080112 / libfx.py:3989] detected (115) : (2018.07.24 21:00)	(2018.07.25 04:00)
[20180917_080113 / libfx.py:3989] detected (189) : (2018.07.19 19:00)	(2018.07.20 02:00)
[20180917_080113 / libfx.py:3989] detected (210) : (2018.07.18 22:00)	(2018.07.19 05:00)
[20180917_080113 / libfx.py:3989] detected (256) : (2018.07.17 00:00)	(2018.07.17 07:00)
[20180917_080113 / libfx.py:3989] detected (261) : (2018.07.16 19:00)	(2018.07.17 02:00)
[20180917_080113 / libfx.py:3989] detected (297) : (2018.07.13 07:00)	(2018.07.13 14:00)
[20180917_080113 / libfx.py:3989] detected (309) : (2018.07.12 19:00)	(2018.07.13 02:00)
[20180917_080113 / libfx.py:3989] detected (348) : (2018.07.11 04:00)	(2018.07.11 11:00)
[20180917_080113 / libfx.py:3989] detected (366) : (2018.07.10 10:00)	(2018.07.10 17:00)
[20180917_080113 / libfx.py:3989] detected (381) : (2018.07.09 19:00)	(2018.07.10 02:00)
[20180917_080113 / libfx.py:3989] detected (397) : (2018.07.09 03:00)	(2018.07.09 10:00)
[20180917_080113 / libfx.py:3989] detected (401) : (2018.07.06 23:00)	(2018.07.07 06:00)
[20180917_080113 / libfx.py:3989] detected (446) : (2018.07.05 02:00)	(2018.07.05 09:00)
[20180917_080113 / libfx.py:3989] detected (466) : (2018.07.04 06:00)	(2018.07.04 13:00)
[20180917_080113 / libfx.py:4016] total = 515 / matches = 19, 3.69%
 

[20180917_080113 / libfx.py:4169] BUSL_3__Res_1__DetectPatterns__UpDownPattern starting... =========
file = 44_3.2_15_file-io.EURJPY.Period-H1.Days-5000.Bars-120000.20180903_135341.2018-07.csv
[20180917_080113 / libfx.py:3944] lo_Model : [1,0,0,1,0]
[20180917_080113 / libfx.py:3989] detected (74) : (2018.07.26 14:00)	(2018.07.26 21:00)
[20180917_080113 / libfx.py:3989] detected (99) : (2018.07.25 13:00)	(2018.07.25 20:00)
[20180917_080113 / libfx.py:3989] detected (156) : (2018.07.23 04:00)	(2018.07.23 11:00)
[20180917_080113 / libfx.py:3989] detected (178) : (2018.07.20 06:00)	(2018.07.20 13:00)
[20180917_080113 / libfx.py:3989] detected (253) : (2018.07.17 03:00)	(2018.07.17 10:00)
[20180917_080113 / libfx.py:3989] detected (330) : (2018.07.11 22:00)	(2018.07.12 05:00)
[20180917_080113 / libfx.py:3989] detected (358) : (2018.07.10 18:00)	(2018.07.11 01:00)
[20180917_080113 / libfx.py:3989] detected (420) : (2018.07.06 04:00)	(2018.07.06 11:00)
[20180917_080113 / libfx.py:3989] detected (423) : (2018.07.06 01:00)	(2018.07.06 08:00)
[20180917_080113 / libfx.py:3989] detected (498) : (2018.07.02 22:00)	(2018.07.03 05:00)
[20180917_080113 / libfx.py:3989] detected (505) : (2018.07.02 15:00)	(2018.07.02 22:00)
[20180917_080113 / libfx.py:4016] total = 515 / matches = 11, 2.14%
 

[20180917_080113 / libfx.py:4169] BUSL_3__Res_1__DetectPatterns__UpDownPattern starting... =========
file = 44_3.2_15_file-io.EURJPY.Period-H1.Days-5000.Bars-120000.20180903_135341.2018-07.csv
[20180917_080113 / libfx.py:3944] lo_Model : [1,0,0,1,1]
[20180917_080113 / libfx.py:3989] detected (29) : (2018.07.30 11:00)	(2018.07.30 18:00)
[20180917_080113 / libfx.py:3989] detected (80) : (2018.07.26 08:00)	(2018.07.26 15:00)
[20180917_080114 / libfx.py:3989] detected (91) : (2018.07.25 21:00)	(2018.07.26 04:00)
[20180917_080114 / libfx.py:3989] detected (107) : (2018.07.25 05:00)	(2018.07.25 12:00)
[20180917_080114 / libfx.py:3989] detected (214) : (2018.07.18 18:00)	(2018.07.19 01:00)
[20180917_080114 / libfx.py:3989] detected (226) : (2018.07.18 06:00)	(2018.07.18 13:00)
[20180917_080114 / libfx.py:3989] detected (235) : (2018.07.17 21:00)	(2018.07.18 04:00)
[20180917_080114 / libfx.py:3989] detected (277) : (2018.07.16 03:00)	(2018.07.16 10:00)
[20180917_080114 / libfx.py:3989] detected (281) : (2018.07.13 23:00)	(2018.07.14 06:00)
[20180917_080114 / libfx.py:3989] detected (344) : (2018.07.11 08:00)	(2018.07.11 15:00)
[20180917_080114 / libfx.py:3989] detected (370) : (2018.07.10 06:00)	(2018.07.10 13:00)
[20180917_080114 / libfx.py:3989] detected (426) : (2018.07.05 22:00)	(2018.07.06 05:00)
[20180917_080114 / libfx.py:3989] detected (430) : (2018.07.05 18:00)	(2018.07.06 01:00)
[20180917_080114 / libfx.py:3989] detected (492) : (2018.07.03 04:00)	(2018.07.03 11:00)
[20180917_080114 / libfx.py:3989] detected (508) : (2018.07.02 12:00)	(2018.07.02 19:00)
[20180917_080114 / libfx.py:4016] total = 515 / matches = 15, 2.91%
 

[20180917_080114 / libfx.py:4169] BUSL_3__Res_1__DetectPatterns__UpDownPattern starting... =========
file = 44_3.2_15_file-io.EURJPY.Period-H1.Days-5000.Bars-120000.20180903_135341.2018-07.csv
[20180917_080114 / libfx.py:3944] lo_Model : [1,0,1,0,0]
[20180917_080114 / libfx.py:3989] detected (9) : (2018.07.31 07:00)	(2018.07.31 14:00)
[20180917_080114 / libfx.py:3989] detected (27) : (2018.07.30 13:00)	(2018.07.30 20:00)
[20180917_080114 / libfx.py:3989] detected (46) : (2018.07.27 18:00)	(2018.07.28 01:00)
[20180917_080114 / libfx.py:3989] detected (84) : (2018.07.26 04:00)	(2018.07.26 11:00)
[20180917_080114 / libfx.py:3989] detected (97) : (2018.07.25 15:00)	(2018.07.25 22:00)
[20180917_080114 / libfx.py:3989] detected (105) : (2018.07.25 07:00)	(2018.07.25 14:00)
[20180917_080114 / libfx.py:3989] detected (113) : (2018.07.24 23:00)	(2018.07.25 06:00)
[20180917_080114 / libfx.py:3989] detected (149) : (2018.07.23 11:00)	(2018.07.23 18:00)
[20180917_080114 / libfx.py:3989] detected (176) : (2018.07.20 08:00)	(2018.07.20 15:00)
[20180917_080114 / libfx.py:3989] detected (187) : (2018.07.19 21:00)	(2018.07.20 04:00)
[20180917_080114 / libfx.py:3989] detected (208) : (2018.07.19 00:00)	(2018.07.19 07:00)
[20180917_080114 / libfx.py:3989] detected (233) : (2018.07.17 23:00)	(2018.07.18 06:00)
[20180917_080114 / libfx.py:3989] detected (275) : (2018.07.16 05:00)	(2018.07.16 12:00)
[20180917_080114 / libfx.py:3989] detected (307) : (2018.07.12 21:00)	(2018.07.13 04:00)
[20180917_080114 / libfx.py:3989] detected (379) : (2018.07.09 21:00)	(2018.07.10 04:00)
[20180917_080114 / libfx.py:3989] detected (434) : (2018.07.05 14:00)	(2018.07.05 21:00)
[20180917_080114 / libfx.py:3989] detected (444) : (2018.07.05 04:00)	(2018.07.05 11:00)
[20180917_080114 / libfx.py:3989] detected (450) : (2018.07.04 22:00)	(2018.07.05 05:00)
[20180917_080114 / libfx.py:3989] detected (464) : (2018.07.04 08:00)	(2018.07.04 15:00)
[20180917_080114 / libfx.py:4016] total = 515 / matches = 19, 3.69%
 

[20180917_080114 / libfx.py:4169] BUSL_3__Res_1__DetectPatterns__UpDownPattern starting... =========
file = 44_3.2_15_file-io.EURJPY.Period-H1.Days-5000.Bars-120000.20180903_135341.2018-07.csv
[20180917_080114 / libfx.py:3944] lo_Model : [1,0,1,0,1]
[20180917_080114 / libfx.py:3989] detected (44) : (2018.07.27 20:00)	(2018.07.28 03:00)
[20180917_080114 / libfx.py:3989] detected (65) : (2018.07.26 23:00)	(2018.07.27 06:00)
[20180917_080114 / libfx.py:3989] detected (67) : (2018.07.26 21:00)	(2018.07.27 04:00)
[20180917_080114 / libfx.py:3989] detected (111) : (2018.07.25 01:00)	(2018.07.25 08:00)
[20180917_080114 / libfx.py:3989] detected (124) : (2018.07.24 12:00)	(2018.07.24 19:00)
[20180917_080114 / libfx.py:3989] detected (129) : (2018.07.24 07:00)	(2018.07.24 14:00)
[20180917_080115 / libfx.py:3989] detected (137) : (2018.07.23 23:00)	(2018.07.24 06:00)
[20180917_080115 / libfx.py:3989] detected (139) : (2018.07.23 21:00)	(2018.07.24 04:00)
[20180917_080115 / libfx.py:3989] detected (141) : (2018.07.23 19:00)	(2018.07.24 02:00)
[20180917_080115 / libfx.py:3989] detected (147) : (2018.07.23 13:00)	(2018.07.23 20:00)
[20180917_080115 / libfx.py:3989] detected (174) : (2018.07.20 10:00)	(2018.07.20 17:00)
[20180917_080115 / libfx.py:3989] detected (196) : (2018.07.19 12:00)	(2018.07.19 19:00)
[20180917_080115 / libfx.py:3989] detected (231) : (2018.07.18 01:00)	(2018.07.18 08:00)
[20180917_080115 / libfx.py:3989] detected (241) : (2018.07.17 15:00)	(2018.07.17 22:00)
[20180917_080115 / libfx.py:3989] detected (243) : (2018.07.17 13:00)	(2018.07.17 20:00)
[20180917_080115 / libfx.py:3989] detected (271) : (2018.07.16 09:00)	(2018.07.16 16:00)
[20180917_080115 / libfx.py:3989] detected (273) : (2018.07.16 07:00)	(2018.07.16 14:00)
[20180917_080115 / libfx.py:3989] detected (339) : (2018.07.11 13:00)	(2018.07.11 20:00)
[20180917_080115 / libfx.py:3989] detected (375) : (2018.07.10 01:00)	(2018.07.10 08:00)
[20180917_080115 / libfx.py:3989] detected (377) : (2018.07.09 23:00)	(2018.07.10 06:00)
[20180917_080115 / libfx.py:3989] detected (386) : (2018.07.09 14:00)	(2018.07.09 21:00)
[20180917_080115 / libfx.py:3989] detected (388) : (2018.07.09 12:00)	(2018.07.09 19:00)
[20180917_080115 / libfx.py:3989] detected (390) : (2018.07.09 10:00)	(2018.07.09 17:00)
[20180917_080115 / libfx.py:3989] detected (392) : (2018.07.09 08:00)	(2018.07.09 15:00)
[20180917_080115 / libfx.py:3989] detected (442) : (2018.07.05 06:00)	(2018.07.05 13:00)
[20180917_080115 / libfx.py:3989] detected (484) : (2018.07.03 12:00)	(2018.07.03 19:00)
[20180917_080115 / libfx.py:3989] detected (486) : (2018.07.03 10:00)	(2018.07.03 17:00)
[20180917_080115 / libfx.py:4016] total = 515 / matches = 27, 5.24%
 

[20180917_080115 / libfx.py:4169] BUSL_3__Res_1__DetectPatterns__UpDownPattern starting... =========
file = 44_3.2_15_file-io.EURJPY.Period-H1.Days-5000.Bars-120000.20180903_135341.2018-07.csv
[20180917_080115 / libfx.py:3944] lo_Model : [1,0,1,1,0]
[20180917_080115 / libfx.py:3989] detected (2) : (2018.07.31 14:00)	(2018.07.31 21:00)
[20180917_080115 / libfx.py:3989] detected (77) : (2018.07.26 11:00)	(2018.07.26 18:00)
[20180917_080115 / libfx.py:3989] detected (102) : (2018.07.25 10:00)	(2018.07.25 17:00)
[20180917_080115 / libfx.py:3989] detected (126) : (2018.07.24 10:00)	(2018.07.24 17:00)
[20180917_080116 / libfx.py:3989] detected (131) : (2018.07.24 05:00)	(2018.07.24 12:00)
[20180917_080116 / libfx.py:3989] detected (134) : (2018.07.24 02:00)	(2018.07.24 09:00)
[20180917_080116 / libfx.py:3989] detected (181) : (2018.07.20 03:00)	(2018.07.20 10:00)
[20180917_080116 / libfx.py:3989] detected (184) : (2018.07.20 00:00)	(2018.07.20 07:00)
[20180917_080116 / libfx.py:3989] detected (202) : (2018.07.19 06:00)	(2018.07.19 13:00)
[20180917_080116 / libfx.py:3989] detected (205) : (2018.07.19 03:00)	(2018.07.19 10:00)
[20180917_080116 / libfx.py:3989] detected (245) : (2018.07.17 11:00)	(2018.07.17 18:00)
[20180917_080116 / libfx.py:3989] detected (341) : (2018.07.11 11:00)	(2018.07.11 18:00)
[20180917_080116 / libfx.py:3989] detected (394) : (2018.07.09 06:00)	(2018.07.09 13:00)
[20180917_080116 / libfx.py:3989] detected (461) : (2018.07.04 11:00)	(2018.07.04 18:00)
[20180917_080116 / libfx.py:3989] detected (478) : (2018.07.03 18:00)	(2018.07.04 01:00)
[20180917_080116 / libfx.py:3989] detected (481) : (2018.07.03 15:00)	(2018.07.03 22:00)
[20180917_080116 / libfx.py:3989] detected (512) : (2018.07.02 08:00)	(2018.07.02 15:00)
[20180917_080116 / libfx.py:3989] detected (515) : (2018.07.02 05:00)	(2018.07.02 12:00)
[20180917_080116 / libfx.py:4016] total = 515 / matches = 18, 3.50%
 

[20180917_080116 / libfx.py:4169] BUSL_3__Res_1__DetectPatterns__UpDownPattern starting... =========
file = 44_3.2_15_file-io.EURJPY.Period-H1.Days-5000.Bars-120000.20180903_135341.2018-07.csv
[20180917_080116 / libfx.py:3944] lo_Model : [1,0,1,1,1]
[20180917_080116 / libfx.py:3989] detected (23) : (2018.07.30 17:00)	(2018.07.31 00:00)
[20180917_080116 / libfx.py:3989] detected (61) : (2018.07.27 03:00)	(2018.07.27 10:00)
[20180917_080116 / libfx.py:3989] detected (69) : (2018.07.26 19:00)	(2018.07.27 02:00)
[20180917_080116 / libfx.py:3989] detected (143) : (2018.07.23 17:00)	(2018.07.24 00:00)
[20180917_080116 / libfx.py:3989] detected (159) : (2018.07.23 01:00)	(2018.07.23 08:00)
[20180917_080116 / libfx.py:3989] detected (198) : (2018.07.19 10:00)	(2018.07.19 17:00)
[20180917_080116 / libfx.py:3989] detected (248) : (2018.07.17 08:00)	(2018.07.17 15:00)
[20180917_080116 / libfx.py:3989] detected (267) : (2018.07.16 13:00)	(2018.07.16 20:00)
[20180917_080116 / libfx.py:3989] detected (301) : (2018.07.13 03:00)	(2018.07.13 10:00)
[20180917_080116 / libfx.py:3989] detected (333) : (2018.07.11 19:00)	(2018.07.12 02:00)
[20180917_080116 / libfx.py:3989] detected (406) : (2018.07.06 18:00)	(2018.07.07 01:00)
[20180917_080116 / libfx.py:3989] detected (470) : (2018.07.04 02:00)	(2018.07.04 09:00)
[20180917_080117 / libfx.py:3989] detected (474) : (2018.07.03 22:00)	(2018.07.04 05:00)
[20180917_080117 / libfx.py:3989] detected (488) : (2018.07.03 08:00)	(2018.07.03 15:00)
[20180917_080117 / libfx.py:3989] detected (501) : (2018.07.02 19:00)	(2018.07.03 02:00)
[20180917_080117 / libfx.py:4016] total = 515 / matches = 15, 2.91%
 

[20180917_080117 / libfx.py:4169] BUSL_3__Res_1__DetectPatterns__UpDownPattern starting... =========
file = 44_3.2_15_file-io.EURJPY.Period-H1.Days-5000.Bars-120000.20180903_135341.2018-07.csv
[20180917_080117 / libfx.py:3944] lo_Model : [1,1,0,0,0]
[20180917_080117 / libfx.py:3989] detected (4) : (2018.07.31 12:00)	(2018.07.31 19:00)
[20180917_080117 / libfx.py:3989] detected (33) : (2018.07.30 07:00)	(2018.07.30 14:00)
[20180917_080117 / libfx.py:3989] detected (52) : (2018.07.27 12:00)	(2018.07.27 19:00)
[20180917_080117 / libfx.py:3989] detected (164) : (2018.07.20 20:00)	(2018.07.21 03:00)
[20180917_080117 / libfx.py:3989] detected (218) : (2018.07.18 14:00)	(2018.07.18 21:00)
[20180917_080117 / libfx.py:3989] detected (260) : (2018.07.16 20:00)	(2018.07.17 03:00)
[20180917_080117 / libfx.py:3989] detected (290) : (2018.07.13 14:00)	(2018.07.13 21:00)
[20180917_080117 / libfx.py:3989] detected (323) : (2018.07.12 05:00)	(2018.07.12 12:00)
[20180917_080117 / libfx.py:3989] detected (347) : (2018.07.11 05:00)	(2018.07.11 12:00)
[20180917_080117 / libfx.py:3989] detected (396) : (2018.07.09 04:00)	(2018.07.09 11:00)
[20180917_080117 / libfx.py:3989] detected (410) : (2018.07.06 14:00)	(2018.07.06 21:00)
[20180917_080117 / libfx.py:4016] total = 515 / matches = 11, 2.14%
 

[20180917_080117 / libfx.py:4169] BUSL_3__Res_1__DetectPatterns__UpDownPattern starting... =========
file = 44_3.2_15_file-io.EURJPY.Period-H1.Days-5000.Bars-120000.20180903_135341.2018-07.csv
[20180917_080117 / libfx.py:3944] lo_Model : [1,1,0,0,1]
[20180917_080117 / libfx.py:3989] detected (73) : (2018.07.26 15:00)	(2018.07.26 22:00)
[20180917_080117 / libfx.py:3989] detected (79) : (2018.07.26 09:00)	(2018.07.26 16:00)
[20180917_080117 / libfx.py:3989] detected (252) : (2018.07.17 04:00)	(2018.07.17 11:00)
[20180917_080117 / libfx.py:3989] detected (280) : (2018.07.16 00:00)	(2018.07.16 07:00)
[20180917_080117 / libfx.py:3989] detected (329) : (2018.07.11 23:00)	(2018.07.12 06:00)
[20180917_080117 / libfx.py:3989] detected (343) : (2018.07.11 09:00)	(2018.07.11 16:00)
[20180917_080117 / libfx.py:3989] detected (357) : (2018.07.10 19:00)	(2018.07.11 02:00)
[20180917_080117 / libfx.py:3989] detected (419) : (2018.07.06 05:00)	(2018.07.06 12:00)
[20180917_080117 / libfx.py:3989] detected (429) : (2018.07.05 19:00)	(2018.07.06 02:00)
[20180917_080117 / libfx.py:3989] detected (491) : (2018.07.03 05:00)	(2018.07.03 12:00)
[20180917_080117 / libfx.py:3989] detected (497) : (2018.07.02 23:00)	(2018.07.03 06:00)
[20180917_080117 / libfx.py:3989] detected (504) : (2018.07.02 16:00)	(2018.07.02 23:00)
[20180917_080117 / libfx.py:4016] total = 515 / matches = 12, 2.33%
 

[20180917_080117 / libfx.py:4169] BUSL_3__Res_1__DetectPatterns__UpDownPattern starting... =========
file = 44_3.2_15_file-io.EURJPY.Period-H1.Days-5000.Bars-120000.20180903_135341.2018-07.csv
[20180917_080117 / libfx.py:3944] lo_Model : [1,1,0,1,0]
[20180917_080117 / libfx.py:3989] detected (26) : (2018.07.30 14:00)	(2018.07.30 21:00)
[20180917_080117 / libfx.py:3989] detected (64) : (2018.07.27 00:00)	(2018.07.27 07:00)
[20180917_080117 / libfx.py:3989] detected (83) : (2018.07.26 05:00)	(2018.07.26 12:00)
[20180917_080117 / libfx.py:3989] detected (96) : (2018.07.25 16:00)	(2018.07.25 23:00)
[20180917_080117 / libfx.py:3989] detected (104) : (2018.07.25 08:00)	(2018.07.25 15:00)
[20180917_080117 / libfx.py:3989] detected (110) : (2018.07.25 02:00)	(2018.07.25 09:00)
[20180917_080117 / libfx.py:3989] detected (123) : (2018.07.24 13:00)	(2018.07.24 20:00)
[20180917_080117 / libfx.py:3989] detected (128) : (2018.07.24 08:00)	(2018.07.24 15:00)
[20180917_080117 / libfx.py:3989] detected (136) : (2018.07.24 00:00)	(2018.07.24 07:00)
[20180917_080117 / libfx.py:3989] detected (146) : (2018.07.23 14:00)	(2018.07.23 21:00)
[20180917_080117 / libfx.py:3989] detected (173) : (2018.07.20 11:00)	(2018.07.20 18:00)
[20180917_080118 / libfx.py:3989] detected (186) : (2018.07.19 22:00)	(2018.07.20 05:00)
[20180917_080118 / libfx.py:3989] detected (195) : (2018.07.19 13:00)	(2018.07.19 20:00)
[20180917_080118 / libfx.py:3989] detected (207) : (2018.07.19 01:00)	(2018.07.19 08:00)
[20180917_080118 / libfx.py:3989] detected (230) : (2018.07.18 02:00)	(2018.07.18 09:00)
[20180917_080118 / libfx.py:3989] detected (240) : (2018.07.17 16:00)	(2018.07.17 23:00)
[20180917_080118 / libfx.py:3989] detected (270) : (2018.07.16 10:00)	(2018.07.16 17:00)
[20180917_080118 / libfx.py:3989] detected (306) : (2018.07.12 22:00)	(2018.07.13 05:00)
[20180917_080118 / libfx.py:3989] detected (338) : (2018.07.11 14:00)	(2018.07.11 21:00)
[20180917_080118 / libfx.py:3989] detected (374) : (2018.07.10 02:00)	(2018.07.10 09:00)
[20180917_080118 / libfx.py:3989] detected (385) : (2018.07.09 15:00)	(2018.07.09 22:00)
[20180917_080118 / libfx.py:3989] detected (433) : (2018.07.05 15:00)	(2018.07.05 22:00)
[20180917_080118 / libfx.py:3989] detected (463) : (2018.07.04 09:00)	(2018.07.04 16:00)
[20180917_080118 / libfx.py:3989] detected (483) : (2018.07.03 13:00)	(2018.07.03 20:00)
[20180917_080118 / libfx.py:4016] total = 515 / matches = 24, 4.66%
 

[20180917_080118 / libfx.py:4169] BUSL_3__Res_1__DetectPatterns__UpDownPattern starting... =========
file = 44_3.2_15_file-io.EURJPY.Period-H1.Days-5000.Bars-120000.20180903_135341.2018-07.csv
[20180917_080118 / libfx.py:3944] lo_Model : [1,1,0,1,1]
[20180917_080118 / libfx.py:3989] detected (1) : (2018.07.31 15:00)	(2018.07.31 22:00)
[20180917_080118 / libfx.py:3989] detected (22) : (2018.07.30 18:00)	(2018.07.31 01:00)
[20180917_080118 / libfx.py:3989] detected (133) : (2018.07.24 03:00)	(2018.07.24 10:00)
[20180917_080118 / libfx.py:3989] detected (183) : (2018.07.20 01:00)	(2018.07.20 08:00)
[20180917_080118 / libfx.py:3989] detected (201) : (2018.07.19 07:00)	(2018.07.19 14:00)
[20180917_080118 / libfx.py:3989] detected (204) : (2018.07.19 04:00)	(2018.07.19 11:00)
[20180917_080118 / libfx.py:3989] detected (247) : (2018.07.17 09:00)	(2018.07.17 16:00)
[20180917_080118 / libfx.py:3989] detected (266) : (2018.07.16 14:00)	(2018.07.16 21:00)
[20180917_080118 / libfx.py:3989] detected (405) : (2018.07.06 19:00)	(2018.07.07 02:00)
[20180917_080118 / libfx.py:3989] detected (473) : (2018.07.03 23:00)	(2018.07.04 06:00)
[20180917_080118 / libfx.py:3989] detected (477) : (2018.07.03 19:00)	(2018.07.04 02:00)
[20180917_080118 / libfx.py:3989] detected (480) : (2018.07.03 16:00)	(2018.07.03 23:00)
[20180917_080118 / libfx.py:3989] detected (511) : (2018.07.02 09:00)	(2018.07.02 16:00)
[20180917_080118 / libfx.py:3989] detected (514) : (2018.07.02 06:00)	(2018.07.02 13:00)
[20180917_080118 / libfx.py:4016] total = 515 / matches = 14, 2.72%
 

[20180917_080119 / libfx.py:4169] BUSL_3__Res_1__DetectPatterns__UpDownPattern starting... =========
file = 44_3.2_15_file-io.EURJPY.Period-H1.Days-5000.Bars-120000.20180903_135341.2018-07.csv
[20180917_080119 / libfx.py:3944] lo_Model : [1,1,1,0,0]
[20180917_080119 / libfx.py:3989] detected (32) : (2018.07.30 08:00)	(2018.07.30 15:00)
[20180917_080119 / libfx.py:3989] detected (72) : (2018.07.26 16:00)	(2018.07.26 23:00)
[20180917_080119 / libfx.py:3989] detected (163) : (2018.07.20 21:00)	(2018.07.21 04:00)
[20180917_080119 / libfx.py:3989] detected (217) : (2018.07.18 15:00)	(2018.07.18 22:00)
[20180917_080119 / libfx.py:3989] detected (251) : (2018.07.17 05:00)	(2018.07.17 12:00)
[20180917_080119 / libfx.py:3989] detected (289) : (2018.07.13 15:00)	(2018.07.13 22:00)
[20180917_080119 / libfx.py:3989] detected (409) : (2018.07.06 15:00)	(2018.07.06 22:00)
[20180917_080119 / libfx.py:3989] detected (418) : (2018.07.06 06:00)	(2018.07.06 13:00)
[20180917_080119 / libfx.py:3989] detected (490) : (2018.07.03 06:00)	(2018.07.03 13:00)
[20180917_080119 / libfx.py:3989] detected (496) : (2018.07.03 00:00)	(2018.07.03 07:00)
[20180917_080119 / libfx.py:3989] detected (503) : (2018.07.02 17:00)	(2018.07.03 00:00)
[20180917_080119 / libfx.py:4016] total = 515 / matches = 11, 2.14%
 

[20180917_080119 / libfx.py:4169] BUSL_3__Res_1__DetectPatterns__UpDownPattern starting... =========
file = 44_3.2_15_file-io.EURJPY.Period-H1.Days-5000.Bars-120000.20180903_135341.2018-07.csv
[20180917_080119 / libfx.py:3944] lo_Model : [1,1,1,0,1]
[20180917_080119 / libfx.py:3989] detected (21) : (2018.07.30 19:00)	(2018.07.31 02:00)
[20180917_080119 / libfx.py:3989] detected (25) : (2018.07.30 15:00)	(2018.07.30 22:00)
[20180917_080119 / libfx.py:3989] detected (63) : (2018.07.27 01:00)	(2018.07.27 08:00)
[20180917_080119 / libfx.py:3989] detected (95) : (2018.07.25 17:00)	(2018.07.26 00:00)
[20180917_080119 / libfx.py:3989] detected (122) : (2018.07.24 14:00)	(2018.07.24 21:00)
[20180917_080119 / libfx.py:3989] detected (145) : (2018.07.23 15:00)	(2018.07.23 22:00)
[20180917_080119 / libfx.py:3989] detected (172) : (2018.07.20 12:00)	(2018.07.20 19:00)
[20180917_080119 / libfx.py:3989] detected (194) : (2018.07.19 14:00)	(2018.07.19 21:00)
[20180917_080119 / libfx.py:3989] detected (200) : (2018.07.19 08:00)	(2018.07.19 15:00)
[20180917_080119 / libfx.py:3989] detected (229) : (2018.07.18 03:00)	(2018.07.18 10:00)
[20180917_080119 / libfx.py:3989] detected (239) : (2018.07.17 17:00)	(2018.07.18 00:00)
[20180917_080119 / libfx.py:3989] detected (265) : (2018.07.16 15:00)	(2018.07.16 22:00)
[20180917_080120 / libfx.py:3989] detected (269) : (2018.07.16 11:00)	(2018.07.16 18:00)
[20180917_080120 / libfx.py:3989] detected (305) : (2018.07.12 23:00)	(2018.07.13 06:00)
[20180917_080120 / libfx.py:3989] detected (337) : (2018.07.11 15:00)	(2018.07.11 22:00)
[20180917_080120 / libfx.py:3989] detected (373) : (2018.07.10 03:00)	(2018.07.10 10:00)
[20180917_080120 / libfx.py:3989] detected (472) : (2018.07.04 00:00)	(2018.07.04 07:00)
[20180917_080120 / libfx.py:3989] detected (476) : (2018.07.03 20:00)	(2018.07.04 03:00)
[20180917_080120 / libfx.py:4016] total = 515 / matches = 18, 3.50%
 

[20180917_080120 / libfx.py:4169] BUSL_3__Res_1__DetectPatterns__UpDownPattern starting... =========
file = 44_3.2_15_file-io.EURJPY.Period-H1.Days-5000.Bars-120000.20180903_135341.2018-07.csv
[20180917_080120 / libfx.py:3944] lo_Model : [1,1,1,1,0]
[20180917_080120 / libfx.py:3989] detected (20) : (2018.07.30 20:00)	(2018.07.31 03:00)
[20180917_080120 / libfx.py:3989] detected (71) : (2018.07.26 17:00)	(2018.07.27 00:00)
[20180917_080120 / libfx.py:3989] detected (94) : (2018.07.25 18:00)	(2018.07.26 01:00)
[20180917_080120 / libfx.py:3989] detected (121) : (2018.07.24 15:00)	(2018.07.24 22:00)
[20180917_080120 / libfx.py:3989] detected (162) : (2018.07.20 22:00)	(2018.07.21 05:00)
[20180917_080120 / libfx.py:3989] detected (193) : (2018.07.19 15:00)	(2018.07.19 22:00)
[20180917_080120 / libfx.py:3989] detected (238) : (2018.07.17 18:00)	(2018.07.18 01:00)
[20180917_080120 / libfx.py:3989] detected (250) : (2018.07.17 06:00)	(2018.07.17 13:00)
[20180917_080120 / libfx.py:3989] detected (288) : (2018.07.13 16:00)	(2018.07.13 23:00)
[20180917_080120 / libfx.py:3989] detected (304) : (2018.07.13 00:00)	(2018.07.13 07:00)
[20180917_080120 / libfx.py:3989] detected (336) : (2018.07.11 16:00)	(2018.07.11 23:00)
[20180917_080120 / libfx.py:3989] detected (408) : (2018.07.06 16:00)	(2018.07.06 23:00)
[20180917_080120 / libfx.py:3989] detected (417) : (2018.07.06 07:00)	(2018.07.06 14:00)
[20180917_080120 / libfx.py:3989] detected (495) : (2018.07.03 01:00)	(2018.07.03 08:00)
[20180917_080120 / libfx.py:4016] total = 515 / matches = 14, 2.72%
 

[20180917_080120 / libfx.py:4169] BUSL_3__Res_1__DetectPatterns__UpDownPattern starting... =========
file = 44_3.2_15_file-io.EURJPY.Period-H1.Days-5000.Bars-120000.20180903_135341.2018-07.csv
[20180917_080120 / libfx.py:3944] lo_Model : [1,1,1,1,1]
[20180917_080120 / libfx.py:3989] detected (19) : (2018.07.30 21:00)	(2018.07.31 04:00)
[20180917_080120 / libfx.py:3989] detected (119) : (2018.07.24 17:00)	(2018.07.25 00:00)
[20180917_080120 / libfx.py:3989] detected (120) : (2018.07.24 16:00)	(2018.07.24 23:00)
[20180917_080120 / libfx.py:3989] detected (161) : (2018.07.20 23:00)	(2018.07.21 06:00)
[20180917_080120 / libfx.py:3989] detected (284) : (2018.07.13 20:00)	(2018.07.14 03:00)
[20180917_080120 / libfx.py:3989] detected (285) : (2018.07.13 19:00)	(2018.07.14 02:00)
[20180917_080120 / libfx.py:3989] detected (286) : (2018.07.13 18:00)	(2018.07.14 01:00)
[20180917_080120 / libfx.py:3989] detected (287) : (2018.07.13 17:00)	(2018.07.14 00:00)
[20180917_080120 / libfx.py:3989] detected (303) : (2018.07.13 01:00)	(2018.07.13 08:00)
[20180917_080120 / libfx.py:3989] detected (335) : (2018.07.11 17:00)	(2018.07.12 00:00)
[20180917_080120 / libfx.py:3989] detected (416) : (2018.07.06 08:00)	(2018.07.06 15:00)
[20180917_080120 / libfx.py:4016] total = 515 / matches = 11, 2.14%
 
