
[20180916_120004 / libfx.py:4169] BUSL_3__Res_1__DetectPatterns__UpDownPattern starting... =========
file = 44_3.2_15_file-io.EURJPY.Period-H1.Days-5000.Bars-120000.20180903_135341.2018-07.csv
[20180916_120004 / libfx.py:3944] lo_Model : [0,0,0,0,0]
[20180916_120004 / libfx.py:3989] detected (12) : (2018.07.31 04:00)	(2018.07.31 11:00)
[20180916_120004 / libfx.py:3989] detected (13) : (2018.07.31 03:00)	(2018.07.31 10:00)
[20180916_120004 / libfx.py:3989] detected (14) : (2018.07.31 02:00)	(2018.07.31 09:00)
[20180916_120004 / libfx.py:3989] detected (39) : (2018.07.30 01:00)	(2018.07.30 08:00)
[20180916_120004 / libfx.py:3989] detected (166) : (2018.07.20 18:00)	(2018.07.21 01:00)
[20180916_120004 / libfx.py:3989] detected (167) : (2018.07.20 17:00)	(2018.07.21 00:00)
[20180916_120004 / libfx.py:3989] detected (220) : (2018.07.18 12:00)	(2018.07.18 19:00)
[20180916_120004 / libfx.py:3989] detected (221) : (2018.07.18 11:00)	(2018.07.18 18:00)
[20180916_120004 / libfx.py:3989] detected (292) : (2018.07.13 12:00)	(2018.07.13 19:00)
[20180916_120004 / libfx.py:3989] detected (437) : (2018.07.05 11:00)	(2018.07.05 18:00)
[20180916_120004 / libfx.py:3989] detected (453) : (2018.07.04 19:00)	(2018.07.05 02:00)
[20180916_120004 / libfx.py:3989] detected (454) : (2018.07.04 18:00)	(2018.07.05 01:00)
[20180916_120004 / libfx.py:3989] detected (455) : (2018.07.04 17:00)	(2018.07.05 00:00)
[20180916_120004 / libfx.py:3989] detected (456) : (2018.07.04 16:00)	(2018.07.04 23:00)
[20180916_120004 / libfx.py:4016] total = 515 / matches = 14, 2.72%
 

[20180916_120004 / libfx.py:4169] BUSL_3__Res_1__DetectPatterns__UpDownPattern starting... =========
file = 44_3.2_15_file-io.EURJPY.Period-H1.Days-5000.Bars-120000.20180903_135341.2018-07.csv
[20180916_120005 / libfx.py:3944] lo_Model : [0,0,0,0,1]
[20180916_120005 / libfx.py:3989] detected (15) : (2018.07.31 01:00)	(2018.07.31 08:00)
[20180916_120005 / libfx.py:3989] detected (40) : (2018.07.30 00:00)	(2018.07.30 07:00)
[20180916_120005 / libfx.py:3989] detected (87) : (2018.07.26 01:00)	(2018.07.26 08:00)
[20180916_120005 / libfx.py:3989] detected (152) : (2018.07.23 08:00)	(2018.07.23 15:00)
[20180916_120005 / libfx.py:3989] detected (168) : (2018.07.20 16:00)	(2018.07.20 23:00)
[20180916_120005 / libfx.py:3989] detected (222) : (2018.07.18 10:00)	(2018.07.18 17:00)
[20180916_120005 / libfx.py:3989] detected (293) : (2018.07.13 11:00)	(2018.07.13 18:00)
[20180916_120005 / libfx.py:3989] detected (314) : (2018.07.12 14:00)	(2018.07.12 21:00)
[20180916_120005 / libfx.py:3989] detected (319) : (2018.07.12 09:00)	(2018.07.12 16:00)
[20180916_120005 / libfx.py:3989] detected (325) : (2018.07.12 03:00)	(2018.07.12 10:00)
[20180916_120005 / libfx.py:3989] detected (353) : (2018.07.10 23:00)	(2018.07.11 06:00)
[20180916_120005 / libfx.py:3989] detected (362) : (2018.07.10 14:00)	(2018.07.10 21:00)
[20180916_120005 / libfx.py:3989] detected (412) : (2018.07.06 12:00)	(2018.07.06 19:00)
[20180916_120005 / libfx.py:3989] detected (438) : (2018.07.05 10:00)	(2018.07.05 17:00)
[20180916_120005 / libfx.py:3989] detected (457) : (2018.07.04 15:00)	(2018.07.04 22:00)
[20180916_120005 / libfx.py:4016] total = 515 / matches = 15, 2.91%
 

[20180916_120005 / libfx.py:4169] BUSL_3__Res_1__DetectPatterns__UpDownPattern starting... =========
file = 44_3.2_15_file-io.EURJPY.Period-H1.Days-5000.Bars-120000.20180903_135341.2018-07.csv
[20180916_120005 / libfx.py:3944] lo_Model : [0,0,0,1,0]
[20180916_120005 / libfx.py:3989] detected (6) : (2018.07.31 10:00)	(2018.07.31 17:00)
[20180916_120005 / libfx.py:3989] detected (35) : (2018.07.30 05:00)	(2018.07.30 12:00)
[20180916_120005 / libfx.py:3989] detected (41) : (2018.07.27 23:00)	(2018.07.28 06:00)
[20180916_120005 / libfx.py:3989] detected (54) : (2018.07.27 10:00)	(2018.07.27 17:00)
[20180916_120005 / libfx.py:3989] detected (58) : (2018.07.27 06:00)	(2018.07.27 13:00)
[20180916_120005 / libfx.py:3989] detected (88) : (2018.07.26 00:00)	(2018.07.26 07:00)
[20180916_120005 / libfx.py:3989] detected (153) : (2018.07.23 07:00)	(2018.07.23 14:00)
[20180916_120005 / libfx.py:3989] detected (211) : (2018.07.18 21:00)	(2018.07.19 04:00)
[20180916_120005 / libfx.py:3989] detected (223) : (2018.07.18 09:00)	(2018.07.18 16:00)
[20180916_120005 / libfx.py:3989] detected (294) : (2018.07.13 10:00)	(2018.07.13 17:00)
[20180916_120005 / libfx.py:3989] detected (298) : (2018.07.13 06:00)	(2018.07.13 13:00)
[20180916_120005 / libfx.py:3989] detected (310) : (2018.07.12 18:00)	(2018.07.13 01:00)
[20180916_120005 / libfx.py:3989] detected (315) : (2018.07.12 13:00)	(2018.07.12 20:00)
[20180916_120005 / libfx.py:3989] detected (349) : (2018.07.11 03:00)	(2018.07.11 10:00)
[20180916_120005 / libfx.py:3989] detected (363) : (2018.07.10 13:00)	(2018.07.10 20:00)
[20180916_120005 / libfx.py:3989] detected (367) : (2018.07.10 09:00)	(2018.07.10 16:00)
[20180916_120005 / libfx.py:3989] detected (398) : (2018.07.09 02:00)	(2018.07.09 09:00)
[20180916_120005 / libfx.py:3989] detected (439) : (2018.07.05 09:00)	(2018.07.05 16:00)
[20180916_120005 / libfx.py:3989] detected (447) : (2018.07.05 01:00)	(2018.07.05 08:00)
[20180916_120006 / libfx.py:3989] detected (458) : (2018.07.04 14:00)	(2018.07.04 21:00)
[20180916_120006 / libfx.py:3989] detected (467) : (2018.07.04 05:00)	(2018.07.04 12:00)
[20180916_120006 / libfx.py:4016] total = 515 / matches = 21, 4.08%
 

[20180916_120006 / libfx.py:4169] BUSL_3__Res_1__DetectPatterns__UpDownPattern starting... =========
file = 44_3.2_15_file-io.EURJPY.Period-H1.Days-5000.Bars-120000.20180903_135341.2018-07.csv
[20180916_120006 / libfx.py:3944] lo_Model : [0,0,0,1,1]
[20180916_120006 / libfx.py:3989] detected (16) : (2018.07.31 00:00)	(2018.07.31 07:00)
[20180916_120006 / libfx.py:3989] detected (49) : (2018.07.27 15:00)	(2018.07.27 22:00)
[20180916_120006 / libfx.py:3989] detected (116) : (2018.07.24 20:00)	(2018.07.25 03:00)
[20180916_120006 / libfx.py:3989] detected (169) : (2018.07.20 15:00)	(2018.07.20 22:00)
[20180916_120006 / libfx.py:3989] detected (190) : (2018.07.19 18:00)	(2018.07.20 01:00)
[20180916_120006 / libfx.py:3989] detected (257) : (2018.07.16 23:00)	(2018.07.17 06:00)
[20180916_120006 / libfx.py:3989] detected (262) : (2018.07.16 18:00)	(2018.07.17 01:00)
[20180916_120006 / libfx.py:3989] detected (320) : (2018.07.12 08:00)	(2018.07.12 15:00)
[20180916_120006 / libfx.py:3989] detected (326) : (2018.07.12 02:00)	(2018.07.12 09:00)
[20180916_120006 / libfx.py:3989] detected (354) : (2018.07.10 22:00)	(2018.07.11 05:00)
[20180916_120006 / libfx.py:3989] detected (382) : (2018.07.09 18:00)	(2018.07.10 01:00)
[20180916_120006 / libfx.py:3989] detected (402) : (2018.07.06 22:00)	(2018.07.07 05:00)
[20180916_120006 / libfx.py:3989] detected (413) : (2018.07.06 11:00)	(2018.07.06 18:00)
[20180916_120006 / libfx.py:4016] total = 515 / matches = 13, 2.52%
 

[20180916_120006 / libfx.py:4169] BUSL_3__Res_1__DetectPatterns__UpDownPattern starting... =========
file = 44_3.2_15_file-io.EURJPY.Period-H1.Days-5000.Bars-120000.20180903_135341.2018-07.csv
[20180916_120006 / libfx.py:3944] lo_Model : [0,0,1,0,0]
[20180916_120006 / libfx.py:3989] detected (36) : (2018.07.30 04:00)	(2018.07.30 11:00)
[20180916_120006 / libfx.py:3989] detected (55) : (2018.07.27 09:00)	(2018.07.27 16:00)
[20180916_120006 / libfx.py:3989] detected (89) : (2018.07.25 23:00)	(2018.07.26 06:00)
[20180916_120006 / libfx.py:3989] detected (154) : (2018.07.23 06:00)	(2018.07.23 13:00)
[20180916_120006 / libfx.py:3989] detected (212) : (2018.07.18 20:00)	(2018.07.19 03:00)
[20180916_120006 / libfx.py:3989] detected (224) : (2018.07.18 08:00)	(2018.07.18 15:00)
[20180916_120006 / libfx.py:3989] detected (254) : (2018.07.17 02:00)	(2018.07.17 09:00)
[20180916_120007 / libfx.py:3989] detected (295) : (2018.07.13 09:00)	(2018.07.13 16:00)
[20180916_120007 / libfx.py:3989] detected (311) : (2018.07.12 17:00)	(2018.07.13 00:00)
[20180916_120007 / libfx.py:3989] detected (316) : (2018.07.12 12:00)	(2018.07.12 19:00)
[20180916_120007 / libfx.py:3989] detected (350) : (2018.07.11 02:00)	(2018.07.11 09:00)
[20180916_120007 / libfx.py:3989] detected (359) : (2018.07.10 17:00)	(2018.07.11 00:00)
[20180916_120007 / libfx.py:3989] detected (364) : (2018.07.10 12:00)	(2018.07.10 19:00)
[20180916_120007 / libfx.py:3989] detected (368) : (2018.07.10 08:00)	(2018.07.10 15:00)
[20180916_120007 / libfx.py:3989] detected (399) : (2018.07.09 01:00)	(2018.07.09 08:00)
[20180916_120007 / libfx.py:3989] detected (421) : (2018.07.06 03:00)	(2018.07.06 10:00)
[20180916_120007 / libfx.py:3989] detected (424) : (2018.07.06 00:00)	(2018.07.06 07:00)
[20180916_120007 / libfx.py:3989] detected (506) : (2018.07.02 14:00)	(2018.07.02 21:00)
[20180916_120007 / libfx.py:4016] total = 515 / matches = 18, 3.50%
 

[20180916_120007 / libfx.py:4169] BUSL_3__Res_1__DetectPatterns__UpDownPattern starting... =========
file = 44_3.2_15_file-io.EURJPY.Period-H1.Days-5000.Bars-120000.20180903_135341.2018-07.csv
[20180916_120007 / libfx.py:3944] lo_Model : [0,0,1,0,1]
[20180916_120007 / libfx.py:3989] detected (7) : (2018.07.31 09:00)	(2018.07.31 16:00)
[20180916_120007 / libfx.py:3989] detected (42) : (2018.07.27 22:00)	(2018.07.28 05:00)
[20180916_120007 / libfx.py:3989] detected (59) : (2018.07.27 05:00)	(2018.07.27 12:00)
[20180916_120007 / libfx.py:3989] detected (75) : (2018.07.26 13:00)	(2018.07.26 20:00)
[20180916_120007 / libfx.py:3989] detected (100) : (2018.07.25 12:00)	(2018.07.25 19:00)
[20180916_120007 / libfx.py:3989] detected (157) : (2018.07.23 03:00)	(2018.07.23 10:00)
[20180916_120007 / libfx.py:3989] detected (179) : (2018.07.20 05:00)	(2018.07.20 12:00)
[20180916_120007 / libfx.py:3989] detected (299) : (2018.07.13 05:00)	(2018.07.13 12:00)
[20180916_120007 / libfx.py:3989] detected (331) : (2018.07.11 21:00)	(2018.07.12 04:00)
[20180916_120007 / libfx.py:3989] detected (440) : (2018.07.05 08:00)	(2018.07.05 15:00)
[20180916_120007 / libfx.py:3989] detected (448) : (2018.07.05 00:00)	(2018.07.05 07:00)
[20180916_120007 / libfx.py:3989] detected (459) : (2018.07.04 13:00)	(2018.07.04 20:00)
[20180916_120008 / libfx.py:3989] detected (468) : (2018.07.04 04:00)	(2018.07.04 11:00)
[20180916_120008 / libfx.py:3989] detected (499) : (2018.07.02 21:00)	(2018.07.03 04:00)
[20180916_120008 / libfx.py:4016] total = 515 / matches = 14, 2.72%
 

[20180916_120008 / libfx.py:4169] BUSL_3__Res_1__DetectPatterns__UpDownPattern starting... =========
file = 44_3.2_15_file-io.EURJPY.Period-H1.Days-5000.Bars-120000.20180903_135341.2018-07.csv
[20180916_120008 / libfx.py:3944] lo_Model : [0,0,1,1,0]
[20180916_120008 / libfx.py:3989] detected (50) : (2018.07.27 14:00)	(2018.07.27 21:00)
[20180916_120008 / libfx.py:3989] detected (81) : (2018.07.26 07:00)	(2018.07.26 14:00)
[20180916_120008 / libfx.py:3989] detected (108) : (2018.07.25 04:00)	(2018.07.25 11:00)
[20180916_120008 / libfx.py:3989] detected (258) : (2018.07.16 22:00)	(2018.07.17 05:00)
[20180916_120008 / libfx.py:3989] detected (278) : (2018.07.16 02:00)	(2018.07.16 09:00)
[20180916_120008 / libfx.py:3989] detected (321) : (2018.07.12 07:00)	(2018.07.12 14:00)
[20180916_120008 / libfx.py:3989] detected (327) : (2018.07.12 01:00)	(2018.07.12 08:00)
[20180916_120008 / libfx.py:3989] detected (345) : (2018.07.11 07:00)	(2018.07.11 14:00)
[20180916_120008 / libfx.py:3989] detected (355) : (2018.07.10 21:00)	(2018.07.11 04:00)
[20180916_120008 / libfx.py:3989] detected (383) : (2018.07.09 17:00)	(2018.07.10 00:00)
[20180916_120008 / libfx.py:3989] detected (403) : (2018.07.06 21:00)	(2018.07.07 04:00)
[20180916_120008 / libfx.py:3989] detected (427) : (2018.07.05 21:00)	(2018.07.06 04:00)
[20180916_120008 / libfx.py:3989] detected (431) : (2018.07.05 17:00)	(2018.07.06 00:00)
[20180916_120008 / libfx.py:3989] detected (509) : (2018.07.02 11:00)	(2018.07.02 18:00)
[20180916_120008 / libfx.py:4016] total = 515 / matches = 14, 2.72%
 

[20180916_120008 / libfx.py:4169] BUSL_3__Res_1__DetectPatterns__UpDownPattern starting... =========
file = 44_3.2_15_file-io.EURJPY.Period-H1.Days-5000.Bars-120000.20180903_135341.2018-07.csv
[20180916_120008 / libfx.py:3944] lo_Model : [0,0,1,1,1]
[20180916_120008 / libfx.py:3989] detected (17) : (2018.07.30 23:00)	(2018.07.31 06:00)
[20180916_120008 / libfx.py:3989] detected (30) : (2018.07.30 10:00)	(2018.07.30 17:00)
[20180916_120008 / libfx.py:3989] detected (92) : (2018.07.25 20:00)	(2018.07.26 03:00)
[20180916_120008 / libfx.py:3989] detected (117) : (2018.07.24 19:00)	(2018.07.25 02:00)
[20180916_120009 / libfx.py:3989] detected (170) : (2018.07.20 14:00)	(2018.07.20 21:00)
[20180916_120009 / libfx.py:3989] detected (191) : (2018.07.19 17:00)	(2018.07.20 00:00)
[20180916_120009 / libfx.py:3989] detected (215) : (2018.07.18 17:00)	(2018.07.19 00:00)
[20180916_120009 / libfx.py:3989] detected (227) : (2018.07.18 05:00)	(2018.07.18 12:00)
[20180916_120009 / libfx.py:3989] detected (236) : (2018.07.17 20:00)	(2018.07.18 03:00)
[20180916_120009 / libfx.py:3989] detected (263) : (2018.07.16 17:00)	(2018.07.17 00:00)
[20180916_120009 / libfx.py:3989] detected (282) : (2018.07.13 22:00)	(2018.07.14 05:00)
[20180916_120009 / libfx.py:3989] detected (371) : (2018.07.10 05:00)	(2018.07.10 12:00)
[20180916_120009 / libfx.py:3989] detected (414) : (2018.07.06 10:00)	(2018.07.06 17:00)
[20180916_120009 / libfx.py:3989] detected (493) : (2018.07.03 03:00)	(2018.07.03 10:00)
[20180916_120009 / libfx.py:4016] total = 515 / matches = 14, 2.72%
 

[20180916_120009 / libfx.py:4169] BUSL_3__Res_1__DetectPatterns__UpDownPattern starting... =========
file = 44_3.2_15_file-io.EURJPY.Period-H1.Days-5000.Bars-120000.20180903_135341.2018-07.csv
[20180916_120009 / libfx.py:3944] lo_Model : [0,1,0,0,0]
[20180916_120009 / libfx.py:3989] detected (10) : (2018.07.31 06:00)	(2018.07.31 13:00)
[20180916_120009 / libfx.py:3989] detected (37) : (2018.07.30 03:00)	(2018.07.30 10:00)
[20180916_120009 / libfx.py:3989] detected (47) : (2018.07.27 17:00)	(2018.07.28 00:00)
[20180916_120009 / libfx.py:3989] detected (56) : (2018.07.27 08:00)	(2018.07.27 15:00)
[20180916_120009 / libfx.py:3989] detected (85) : (2018.07.26 03:00)	(2018.07.26 10:00)
[20180916_120009 / libfx.py:3989] detected (114) : (2018.07.24 22:00)	(2018.07.25 05:00)
[20180916_120009 / libfx.py:3989] detected (150) : (2018.07.23 10:00)	(2018.07.23 17:00)
[20180916_120009 / libfx.py:3989] detected (188) : (2018.07.19 20:00)	(2018.07.20 03:00)
[20180916_120009 / libfx.py:3989] detected (209) : (2018.07.18 23:00)	(2018.07.19 06:00)
[20180916_120009 / libfx.py:3989] detected (255) : (2018.07.17 01:00)	(2018.07.17 08:00)
[20180916_120009 / libfx.py:3989] detected (296) : (2018.07.13 08:00)	(2018.07.13 15:00)
[20180916_120009 / libfx.py:3989] detected (308) : (2018.07.12 20:00)	(2018.07.13 03:00)
[20180916_120009 / libfx.py:3989] detected (312) : (2018.07.12 16:00)	(2018.07.12 23:00)
[20180916_120009 / libfx.py:3989] detected (317) : (2018.07.12 11:00)	(2018.07.12 18:00)
[20180916_120009 / libfx.py:3989] detected (351) : (2018.07.11 01:00)	(2018.07.11 08:00)
[20180916_120009 / libfx.py:3989] detected (360) : (2018.07.10 16:00)	(2018.07.10 23:00)
[20180916_120009 / libfx.py:3989] detected (365) : (2018.07.10 11:00)	(2018.07.10 18:00)
[20180916_120009 / libfx.py:3989] detected (380) : (2018.07.09 20:00)	(2018.07.10 03:00)
[20180916_120009 / libfx.py:3989] detected (400) : (2018.07.09 00:00)	(2018.07.09 07:00)
[20180916_120009 / libfx.py:3989] detected (435) : (2018.07.05 13:00)	(2018.07.05 20:00)
[20180916_120009 / libfx.py:3989] detected (445) : (2018.07.05 03:00)	(2018.07.05 10:00)
[20180916_120009 / libfx.py:3989] detected (451) : (2018.07.04 21:00)	(2018.07.05 04:00)
[20180916_120009 / libfx.py:3989] detected (465) : (2018.07.04 07:00)	(2018.07.04 14:00)
[20180916_120009 / libfx.py:4016] total = 515 / matches = 23, 4.47%
 

[20180916_120009 / libfx.py:4169] BUSL_3__Res_1__DetectPatterns__UpDownPattern starting... =========
file = 44_3.2_15_file-io.EURJPY.Period-H1.Days-5000.Bars-120000.20180903_135341.2018-07.csv
[20180916_120009 / libfx.py:3944] lo_Model : [0,1,0,0,1]
[20180916_120009 / libfx.py:3989] detected (28) : (2018.07.30 12:00)	(2018.07.30 19:00)
[20180916_120009 / libfx.py:3989] detected (90) : (2018.07.25 22:00)	(2018.07.26 05:00)
[20180916_120009 / libfx.py:3989] detected (98) : (2018.07.25 14:00)	(2018.07.25 21:00)
[20180916_120009 / libfx.py:3989] detected (106) : (2018.07.25 06:00)	(2018.07.25 13:00)
[20180916_120010 / libfx.py:3989] detected (155) : (2018.07.23 05:00)	(2018.07.23 12:00)
[20180916_120010 / libfx.py:3989] detected (177) : (2018.07.20 07:00)	(2018.07.20 14:00)
[20180916_120010 / libfx.py:3989] detected (213) : (2018.07.18 19:00)	(2018.07.19 02:00)
[20180916_120010 / libfx.py:3989] detected (225) : (2018.07.18 07:00)	(2018.07.18 14:00)
[20180916_120010 / libfx.py:3989] detected (234) : (2018.07.17 22:00)	(2018.07.18 05:00)
[20180916_120010 / libfx.py:3989] detected (276) : (2018.07.16 04:00)	(2018.07.16 11:00)
[20180916_120010 / libfx.py:3989] detected (369) : (2018.07.10 07:00)	(2018.07.10 14:00)
[20180916_120010 / libfx.py:3989] detected (422) : (2018.07.06 02:00)	(2018.07.06 09:00)
[20180916_120010 / libfx.py:3989] detected (425) : (2018.07.05 23:00)	(2018.07.06 06:00)
[20180916_120010 / libfx.py:3989] detected (507) : (2018.07.02 13:00)	(2018.07.02 20:00)
[20180916_120010 / libfx.py:4016] total = 515 / matches = 14, 2.72%
 
