
[20180916_113022 / libfx.py:4055] BUSL_3__Res_1__DetectPatterns__UpDownPattern starting... =========
file = 44_3.2_15_file-io.EURJPY.Period-H1.Days-5000.Bars-120000.20180903_135341.2018-07.csv
[20180916_113022 / libfx.py:3934] lo_Model : [0,1,1,0,1]
[20180916_113022 / libfx.py:3979] detected (82) : (2018.07.26 06:00)	(2018.07.26 13:00)
[20180916_113022 / libfx.py:3979] detected (103) : (2018.07.25 09:00)	(2018.07.25 16:00)
[20180916_113022 / libfx.py:3979] detected (109) : (2018.07.25 03:00)	(2018.07.25 10:00)
[20180916_113022 / libfx.py:3979] detected (127) : (2018.07.24 09:00)	(2018.07.24 16:00)
[20180916_113022 / libfx.py:3979] detected (132) : (2018.07.24 04:00)	(2018.07.24 11:00)
[20180916_113022 / libfx.py:3979] detected (135) : (2018.07.24 01:00)	(2018.07.24 08:00)
[20180916_113022 / libfx.py:3979] detected (182) : (2018.07.20 02:00)	(2018.07.20 09:00)
[20180916_113022 / libfx.py:3979] detected (185) : (2018.07.19 23:00)	(2018.07.20 06:00)
[20180916_113022 / libfx.py:3979] detected (203) : (2018.07.19 05:00)	(2018.07.19 12:00)
[20180916_113022 / libfx.py:3979] detected (206) : (2018.07.19 02:00)	(2018.07.19 09:00)
[20180916_113022 / libfx.py:3979] detected (246) : (2018.07.17 10:00)	(2018.07.17 17:00)
[20180916_113022 / libfx.py:3979] detected (384) : (2018.07.09 16:00)	(2018.07.09 23:00)
[20180916_113023 / libfx.py:3979] detected (404) : (2018.07.06 20:00)	(2018.07.07 03:00)
[20180916_113023 / libfx.py:3979] detected (432) : (2018.07.05 16:00)	(2018.07.05 23:00)
[20180916_113023 / libfx.py:3979] detected (462) : (2018.07.04 10:00)	(2018.07.04 17:00)
[20180916_113023 / libfx.py:3979] detected (479) : (2018.07.03 17:00)	(2018.07.04 00:00)
[20180916_113023 / libfx.py:3979] detected (482) : (2018.07.03 14:00)	(2018.07.03 21:00)
[20180916_113023 / libfx.py:3979] detected (510) : (2018.07.02 10:00)	(2018.07.02 17:00)
[20180916_113023 / libfx.py:3979] detected (513) : (2018.07.02 07:00)	(2018.07.02 14:00)
[20180916_113023 / libfx.py:4006] total = 515 / matches = 19, 3.69%
