
[20180916_115842 / libfx.py:4167] BUSL_3__Res_1__DetectPatterns__UpDownPattern starting... =========
file = 44_3.2_15_file-io.EURJPY.Period-H1.Days-5000.Bars-120000.20180903_135341.2018-07.csv
[20180916_115843 / libfx.py:3944] lo_Model : [0,0,0,0,0]
[20180916_115843 / libfx.py:3989] detected (12) : (2018.07.31 04:00)	(2018.07.31 11:00)
[20180916_115843 / libfx.py:3989] detected (13) : (2018.07.31 03:00)	(2018.07.31 10:00)
[20180916_115843 / libfx.py:3989] detected (14) : (2018.07.31 02:00)	(2018.07.31 09:00)
[20180916_115843 / libfx.py:3989] detected (39) : (2018.07.30 01:00)	(2018.07.30 08:00)
[20180916_115843 / libfx.py:3989] detected (166) : (2018.07.20 18:00)	(2018.07.21 01:00)
[20180916_115843 / libfx.py:3989] detected (167) : (2018.07.20 17:00)	(2018.07.21 00:00)
[20180916_115843 / libfx.py:3989] detected (220) : (2018.07.18 12:00)	(2018.07.18 19:00)
[20180916_115843 / libfx.py:3989] detected (221) : (2018.07.18 11:00)	(2018.07.18 18:00)
[20180916_115843 / libfx.py:3989] detected (292) : (2018.07.13 12:00)	(2018.07.13 19:00)
[20180916_115843 / libfx.py:3989] detected (437) : (2018.07.05 11:00)	(2018.07.05 18:00)
[20180916_115843 / libfx.py:3989] detected (453) : (2018.07.04 19:00)	(2018.07.05 02:00)
[20180916_115843 / libfx.py:3989] detected (454) : (2018.07.04 18:00)	(2018.07.05 01:00)
[20180916_115843 / libfx.py:3989] detected (455) : (2018.07.04 17:00)	(2018.07.05 00:00)
[20180916_115843 / libfx.py:3989] detected (456) : (2018.07.04 16:00)	(2018.07.04 23:00)
[20180916_115843 / libfx.py:4016] total = 515 / matches = 14, 2.72%
 

[20180916_115843 / libfx.py:4167] BUSL_3__Res_1__DetectPatterns__UpDownPattern starting... =========
file = 44_3.2_15_file-io.EURJPY.Period-H1.Days-5000.Bars-120000.20180903_135341.2018-07.csv
[20180916_115843 / libfx.py:3944] lo_Model : [0,0,0,0,1]
[20180916_115843 / libfx.py:3989] detected (15) : (2018.07.31 01:00)	(2018.07.31 08:00)
[20180916_115843 / libfx.py:3989] detected (40) : (2018.07.30 00:00)	(2018.07.30 07:00)
[20180916_115843 / libfx.py:3989] detected (87) : (2018.07.26 01:00)	(2018.07.26 08:00)
[20180916_115843 / libfx.py:3989] detected (152) : (2018.07.23 08:00)	(2018.07.23 15:00)
[20180916_115843 / libfx.py:3989] detected (168) : (2018.07.20 16:00)	(2018.07.20 23:00)
[20180916_115843 / libfx.py:3989] detected (222) : (2018.07.18 10:00)	(2018.07.18 17:00)
[20180916_115843 / libfx.py:3989] detected (293) : (2018.07.13 11:00)	(2018.07.13 18:00)
[20180916_115843 / libfx.py:3989] detected (314) : (2018.07.12 14:00)	(2018.07.12 21:00)
[20180916_115843 / libfx.py:3989] detected (319) : (2018.07.12 09:00)	(2018.07.12 16:00)
[20180916_115843 / libfx.py:3989] detected (325) : (2018.07.12 03:00)	(2018.07.12 10:00)
[20180916_115843 / libfx.py:3989] detected (353) : (2018.07.10 23:00)	(2018.07.11 06:00)
[20180916_115843 / libfx.py:3989] detected (362) : (2018.07.10 14:00)	(2018.07.10 21:00)
[20180916_115844 / libfx.py:3989] detected (412) : (2018.07.06 12:00)	(2018.07.06 19:00)
[20180916_115844 / libfx.py:3989] detected (438) : (2018.07.05 10:00)	(2018.07.05 17:00)
[20180916_115844 / libfx.py:3989] detected (457) : (2018.07.04 15:00)	(2018.07.04 22:00)
[20180916_115844 / libfx.py:4016] total = 515 / matches = 15, 2.91%
 

[20180916_115844 / libfx.py:4167] BUSL_3__Res_1__DetectPatterns__UpDownPattern starting... =========
file = 44_3.2_15_file-io.EURJPY.Period-H1.Days-5000.Bars-120000.20180903_135341.2018-07.csv
[20180916_115844 / libfx.py:3944] lo_Model : [0,0,0,1,0]
[20180916_115844 / libfx.py:3989] detected (6) : (2018.07.31 10:00)	(2018.07.31 17:00)
[20180916_115844 / libfx.py:3989] detected (35) : (2018.07.30 05:00)	(2018.07.30 12:00)
[20180916_115844 / libfx.py:3989] detected (41) : (2018.07.27 23:00)	(2018.07.28 06:00)
[20180916_115844 / libfx.py:3989] detected (54) : (2018.07.27 10:00)	(2018.07.27 17:00)
[20180916_115844 / libfx.py:3989] detected (58) : (2018.07.27 06:00)	(2018.07.27 13:00)
[20180916_115844 / libfx.py:3989] detected (88) : (2018.07.26 00:00)	(2018.07.26 07:00)
[20180916_115844 / libfx.py:3989] detected (153) : (2018.07.23 07:00)	(2018.07.23 14:00)
[20180916_115844 / libfx.py:3989] detected (211) : (2018.07.18 21:00)	(2018.07.19 04:00)
[20180916_115844 / libfx.py:3989] detected (223) : (2018.07.18 09:00)	(2018.07.18 16:00)
[20180916_115844 / libfx.py:3989] detected (294) : (2018.07.13 10:00)	(2018.07.13 17:00)
[20180916_115844 / libfx.py:3989] detected (298) : (2018.07.13 06:00)	(2018.07.13 13:00)
[20180916_115844 / libfx.py:3989] detected (310) : (2018.07.12 18:00)	(2018.07.13 01:00)
[20180916_115844 / libfx.py:3989] detected (315) : (2018.07.12 13:00)	(2018.07.12 20:00)
[20180916_115844 / libfx.py:3989] detected (349) : (2018.07.11 03:00)	(2018.07.11 10:00)
[20180916_115844 / libfx.py:3989] detected (363) : (2018.07.10 13:00)	(2018.07.10 20:00)
[20180916_115844 / libfx.py:3989] detected (367) : (2018.07.10 09:00)	(2018.07.10 16:00)
[20180916_115845 / libfx.py:3989] detected (398) : (2018.07.09 02:00)	(2018.07.09 09:00)
[20180916_115845 / libfx.py:3989] detected (439) : (2018.07.05 09:00)	(2018.07.05 16:00)
[20180916_115845 / libfx.py:3989] detected (447) : (2018.07.05 01:00)	(2018.07.05 08:00)
[20180916_115845 / libfx.py:3989] detected (458) : (2018.07.04 14:00)	(2018.07.04 21:00)
[20180916_115845 / libfx.py:3989] detected (467) : (2018.07.04 05:00)	(2018.07.04 12:00)
[20180916_115845 / libfx.py:4016] total = 515 / matches = 21, 4.08%
 

[20180916_115845 / libfx.py:4167] BUSL_3__Res_1__DetectPatterns__UpDownPattern starting... =========
file = 44_3.2_15_file-io.EURJPY.Period-H1.Days-5000.Bars-120000.20180903_135341.2018-07.csv
[20180916_115845 / libfx.py:3944] lo_Model : [0,0,0,1,1]
[20180916_115845 / libfx.py:3989] detected (16) : (2018.07.31 00:00)	(2018.07.31 07:00)
[20180916_115845 / libfx.py:3989] detected (49) : (2018.07.27 15:00)	(2018.07.27 22:00)
[20180916_115845 / libfx.py:3989] detected (116) : (2018.07.24 20:00)	(2018.07.25 03:00)
[20180916_115845 / libfx.py:3989] detected (169) : (2018.07.20 15:00)	(2018.07.20 22:00)
[20180916_115845 / libfx.py:3989] detected (190) : (2018.07.19 18:00)	(2018.07.20 01:00)
[20180916_115845 / libfx.py:3989] detected (257) : (2018.07.16 23:00)	(2018.07.17 06:00)
[20180916_115845 / libfx.py:3989] detected (262) : (2018.07.16 18:00)	(2018.07.17 01:00)
[20180916_115845 / libfx.py:3989] detected (320) : (2018.07.12 08:00)	(2018.07.12 15:00)
[20180916_115845 / libfx.py:3989] detected (326) : (2018.07.12 02:00)	(2018.07.12 09:00)
[20180916_115845 / libfx.py:3989] detected (354) : (2018.07.10 22:00)	(2018.07.11 05:00)
[20180916_115845 / libfx.py:3989] detected (382) : (2018.07.09 18:00)	(2018.07.10 01:00)
[20180916_115845 / libfx.py:3989] detected (402) : (2018.07.06 22:00)	(2018.07.07 05:00)
[20180916_115845 / libfx.py:3989] detected (413) : (2018.07.06 11:00)	(2018.07.06 18:00)
[20180916_115845 / libfx.py:4016] total = 515 / matches = 13, 2.52%
 

[20180916_115845 / libfx.py:4167] BUSL_3__Res_1__DetectPatterns__UpDownPattern starting... =========
file = 44_3.2_15_file-io.EURJPY.Period-H1.Days-5000.Bars-120000.20180903_135341.2018-07.csv
[20180916_115845 / libfx.py:3944] lo_Model : [0,0,1,0,0]
[20180916_115845 / libfx.py:3989] detected (36) : (2018.07.30 04:00)	(2018.07.30 11:00)
[20180916_115846 / libfx.py:3989] detected (55) : (2018.07.27 09:00)	(2018.07.27 16:00)
[20180916_115846 / libfx.py:3989] detected (89) : (2018.07.25 23:00)	(2018.07.26 06:00)
[20180916_115846 / libfx.py:3989] detected (154) : (2018.07.23 06:00)	(2018.07.23 13:00)
[20180916_115846 / libfx.py:3989] detected (212) : (2018.07.18 20:00)	(2018.07.19 03:00)
[20180916_115846 / libfx.py:3989] detected (224) : (2018.07.18 08:00)	(2018.07.18 15:00)
[20180916_115846 / libfx.py:3989] detected (254) : (2018.07.17 02:00)	(2018.07.17 09:00)
[20180916_115846 / libfx.py:3989] detected (295) : (2018.07.13 09:00)	(2018.07.13 16:00)
[20180916_115846 / libfx.py:3989] detected (311) : (2018.07.12 17:00)	(2018.07.13 00:00)
[20180916_115846 / libfx.py:3989] detected (316) : (2018.07.12 12:00)	(2018.07.12 19:00)
[20180916_115846 / libfx.py:3989] detected (350) : (2018.07.11 02:00)	(2018.07.11 09:00)
[20180916_115846 / libfx.py:3989] detected (359) : (2018.07.10 17:00)	(2018.07.11 00:00)
[20180916_115846 / libfx.py:3989] detected (364) : (2018.07.10 12:00)	(2018.07.10 19:00)
[20180916_115846 / libfx.py:3989] detected (368) : (2018.07.10 08:00)	(2018.07.10 15:00)
[20180916_115846 / libfx.py:3989] detected (399) : (2018.07.09 01:00)	(2018.07.09 08:00)
[20180916_115846 / libfx.py:3989] detected (421) : (2018.07.06 03:00)	(2018.07.06 10:00)
[20180916_115846 / libfx.py:3989] detected (424) : (2018.07.06 00:00)	(2018.07.06 07:00)
[20180916_115846 / libfx.py:3989] detected (506) : (2018.07.02 14:00)	(2018.07.02 21:00)
[20180916_115846 / libfx.py:4016] total = 515 / matches = 18, 3.50%
 
