
[20180916_114622 / libfx.py:4154] BUSL_3__Res_1__DetectPatterns__UpDownPattern starting... =========
file = 44_3.2_15_file-io.EURJPY.Period-H1.Days-5000.Bars-120000.20180903_135341.2018-07.csv
[20180916_114622 / libfx.py:3944] lo_Model : [0,0,0,0,0]
[20180916_114622 / libfx.py:3989] detected (12) : (2018.07.31 04:00)	(2018.07.31 11:00)
[20180916_114622 / libfx.py:3989] detected (13) : (2018.07.31 03:00)	(2018.07.31 10:00)
[20180916_114622 / libfx.py:3989] detected (14) : (2018.07.31 02:00)	(2018.07.31 09:00)
[20180916_114622 / libfx.py:3989] detected (39) : (2018.07.30 01:00)	(2018.07.30 08:00)
[20180916_114622 / libfx.py:3989] detected (166) : (2018.07.20 18:00)	(2018.07.21 01:00)
[20180916_114622 / libfx.py:3989] detected (167) : (2018.07.20 17:00)	(2018.07.21 00:00)
[20180916_114623 / libfx.py:3989] detected (220) : (2018.07.18 12:00)	(2018.07.18 19:00)
[20180916_114623 / libfx.py:3989] detected (221) : (2018.07.18 11:00)	(2018.07.18 18:00)
[20180916_114623 / libfx.py:3989] detected (292) : (2018.07.13 12:00)	(2018.07.13 19:00)
[20180916_114623 / libfx.py:3989] detected (437) : (2018.07.05 11:00)	(2018.07.05 18:00)
[20180916_114623 / libfx.py:3989] detected (453) : (2018.07.04 19:00)	(2018.07.05 02:00)
[20180916_114623 / libfx.py:3989] detected (454) : (2018.07.04 18:00)	(2018.07.05 01:00)
[20180916_114623 / libfx.py:3989] detected (455) : (2018.07.04 17:00)	(2018.07.05 00:00)
[20180916_114623 / libfx.py:3989] detected (456) : (2018.07.04 16:00)	(2018.07.04 23:00)
[20180916_114623 / libfx.py:4016] total = 515 / matches = 14, 2.72%
 

[20180916_114623 / libfx.py:4154] BUSL_3__Res_1__DetectPatterns__UpDownPattern starting... =========
file = 44_3.2_15_file-io.EURJPY.Period-H1.Days-5000.Bars-120000.20180903_135341.2018-07.csv
[20180916_114623 / libfx.py:3944] lo_Model : [0,0,0,0,1]
[20180916_114623 / libfx.py:3989] detected (15) : (2018.07.31 01:00)	(2018.07.31 08:00)
[20180916_114623 / libfx.py:3989] detected (40) : (2018.07.30 00:00)	(2018.07.30 07:00)
[20180916_114623 / libfx.py:3989] detected (87) : (2018.07.26 01:00)	(2018.07.26 08:00)
[20180916_114623 / libfx.py:3989] detected (152) : (2018.07.23 08:00)	(2018.07.23 15:00)
[20180916_114623 / libfx.py:3989] detected (168) : (2018.07.20 16:00)	(2018.07.20 23:00)
[20180916_114623 / libfx.py:3989] detected (222) : (2018.07.18 10:00)	(2018.07.18 17:00)
[20180916_114623 / libfx.py:3989] detected (293) : (2018.07.13 11:00)	(2018.07.13 18:00)
[20180916_114623 / libfx.py:3989] detected (314) : (2018.07.12 14:00)	(2018.07.12 21:00)
[20180916_114623 / libfx.py:3989] detected (319) : (2018.07.12 09:00)	(2018.07.12 16:00)
[20180916_114623 / libfx.py:3989] detected (325) : (2018.07.12 03:00)	(2018.07.12 10:00)
[20180916_114623 / libfx.py:3989] detected (353) : (2018.07.10 23:00)	(2018.07.11 06:00)
[20180916_114623 / libfx.py:3989] detected (362) : (2018.07.10 14:00)	(2018.07.10 21:00)
[20180916_114623 / libfx.py:3989] detected (412) : (2018.07.06 12:00)	(2018.07.06 19:00)
[20180916_114623 / libfx.py:3989] detected (438) : (2018.07.05 10:00)	(2018.07.05 17:00)
[20180916_114623 / libfx.py:3989] detected (457) : (2018.07.04 15:00)	(2018.07.04 22:00)
[20180916_114624 / libfx.py:4016] total = 515 / matches = 15, 2.91%
 
