
[20180916_111928 / libfx.py:3943] BUSL_3__Res_1__DetectPatterns__UpDownPattern starting... =========
file = 44_3.2_15_file-io.EURJPY.Period-H1.Days-5000.Bars-120000.20180903_135341.2018-07.csv
[20180916_111928 / libfx.py:4010] lo_Model : [0,1,1,0,1]
[20180916_111928 / libfx.py:4051] detected (82) : (2018.07.05 10:00)	(2018.07.05 17:00)
[20180916_111928 / libfx.py:4051] detected (103) : (2018.07.06 07:00)	(2018.07.06 14:00)
[20180916_111928 / libfx.py:4051] detected (109) : (2018.07.06 13:00)	(2018.07.06 20:00)
[20180916_111928 / libfx.py:4051] detected (127) : (2018.07.09 07:00)	(2018.07.09 14:00)
[20180916_111928 / libfx.py:4051] detected (132) : (2018.07.09 12:00)	(2018.07.09 19:00)
[20180916_111928 / libfx.py:4051] detected (135) : (2018.07.09 15:00)	(2018.07.09 22:00)
[20180916_111928 / libfx.py:4051] detected (182) : (2018.07.11 14:00)	(2018.07.11 21:00)
[20180916_111928 / libfx.py:4051] detected (185) : (2018.07.11 17:00)	(2018.07.12 00:00)
[20180916_111928 / libfx.py:4051] detected (203) : (2018.07.12 11:00)	(2018.07.12 18:00)
[20180916_111928 / libfx.py:4051] detected (206) : (2018.07.12 14:00)	(2018.07.12 21:00)
[20180916_111928 / libfx.py:4051] detected (246) : (2018.07.16 06:00)	(2018.07.16 13:00)
[20180916_111928 / libfx.py:4051] detected (384) : (2018.07.24 00:00)	(2018.07.24 07:00)
[20180916_111928 / libfx.py:4051] detected (404) : (2018.07.24 20:00)	(2018.07.25 03:00)
[20180916_111928 / libfx.py:4051] detected (432) : (2018.07.26 00:00)	(2018.07.26 07:00)
[20180916_111929 / libfx.py:4051] detected (462) : (2018.07.27 06:00)	(2018.07.27 13:00)
[20180916_111929 / libfx.py:4051] detected (479) : (2018.07.27 23:00)	(2018.07.28 06:00)
[20180916_111929 / libfx.py:4051] detected (482) : (2018.07.30 02:00)	(2018.07.30 09:00)
[20180916_111929 / libfx.py:4051] detected (510) : (2018.07.31 06:00)	(2018.07.31 13:00)
[20180916_111929 / libfx.py:4051] detected (513) : (2018.07.31 09:00)	(2018.07.31 16:00)
[20180916_111929 / libfx.py:4078] total = 515 / matches = 19, 3.69%
