
[libfx.py:3941] BUSL_3__Res_1__DetectPatterns__UpDownPattern starting... =========
file = 44_3.2_15_file-io.EURJPY.Period-H1.Days-5000.Bars-120000.20180903_135341.2018-08.csv
[libfx.py:4006] lo_Model : [0,0,0,0,0]
[libfx.py:4045] detected (1) : (2018.07.31 18:00)	(2018.08.01 01:00)
[libfx.py:4045] detected (23) : (2018.08.01 16:00)	(2018.08.01 23:00)
[libfx.py:4045] detected (24) : (2018.08.01 17:00)	(2018.08.02 00:00)
[libfx.py:4045] detected (134) : (2018.08.08 07:00)	(2018.08.08 14:00)
[libfx.py:4045] detected (164) : (2018.08.09 13:00)	(2018.08.09 20:00)
[libfx.py:4045] detected (165) : (2018.08.09 14:00)	(2018.08.09 21:00)
[libfx.py:4045] detected (171) : (2018.08.09 20:00)	(2018.08.10 03:00)
[libfx.py:4045] detected (172) : (2018.08.09 21:00)	(2018.08.10 04:00)
[libfx.py:4045] detected (173) : (2018.08.09 22:00)	(2018.08.10 05:00)
[libfx.py:4045] detected (174) : (2018.08.09 23:00)	(2018.08.10 06:00)
[libfx.py:4045] detected (237) : (2018.08.14 14:00)	(2018.08.14 21:00)
[libfx.py:4045] detected (258) : (2018.08.15 11:00)	(2018.08.15 18:00)
[libfx.py:4045] detected (259) : (2018.08.15 12:00)	(2018.08.15 19:00)
[libfx.py:4045] detected (260) : (2018.08.15 13:00)	(2018.08.15 20:00)
[libfx.py:4045] detected (318) : (2018.08.17 23:00)	(2018.08.18 06:00)
[libfx.py:4045] detected (319) : (2018.08.20 00:00)	(2018.08.20 07:00)
[libfx.py:4045] detected (364) : (2018.08.21 21:00)	(2018.08.22 04:00)
[libfx.py:4045] detected (442) : (2018.08.27 03:00)	(2018.08.27 10:00)
[libfx.py:4045] detected (443) : (2018.08.27 04:00)	(2018.08.27 11:00)
[libfx.py:4045] detected (444) : (2018.08.27 05:00)	(2018.08.27 12:00)
[libfx.py:4045] detected (512) : (2018.08.30 01:00)	(2018.08.30 08:00)
[libfx.py:4045] detected (513) : (2018.08.30 02:00)	(2018.08.30 09:00)
[libfx.py:4045] detected (525) : (2018.08.30 14:00)	(2018.08.30 21:00)
[libfx.py:4070] total = 546 / matches = 23, 4.21%
