source = 44_1.14_file-io.AUDJPY.Period-H1.Days-1900.Bars-45600.20180511_181322.csv (C:\WORKS_2\WS\WS_Others\prog\D-7\2_2\VIRTUAL\Admin_Projects\curr/data/csv)
Max	idx_Start	idxOf_SumMax	idx(when ended)	dateTime_Local(max)
0.452000	00	18	19	2018.01.23 11:00
0.246000	21	23	24	2018.01.23 16:00
0.280000	29	32	42	2018.01.24 10:00
0.450000	45	51	56	2018.01.25 00:00
0.485000	59	71	76	2018.01.25 20:00
0.094000	78	78	79	2018.01.25 23:00
0.116000	80	80	81	2018.01.26 01:00
0.640000	86	102	103	2018.01.26 23:00
0.413000	106	108	116	2018.01.29 12:00
0.133000	117	120	122	2018.01.29 18:00
0.033000	123	123	124	2018.01.29 20:00
0.029000	125	125	126	2018.01.29 22:00
0.276000	127	130	138	2018.01.30 10:00
0.013000	139	139	140	2018.01.30 12:00
0.068000	143	143	144	2018.01.30 16:00
0.585000	145	160	161	2018.01.31 09:00
0.617000	163	176	178	2018.02.01 02:00
0.008000	179	179	180	2018.02.01 04:00
0.283000	181	186	189	2018.02.01 13:00
0.039000	190	190	191	2018.02.01 15:00
0.084000	193	194	195	2018.02.01 19:00
0.018000	197	197	198	2018.02.01 22:00
0.356000	199	203	210	2018.02.02 10:00
0.036000	211	211	213	2018.02.02 13:00
0.190000	214	216	217	2018.02.02 17:00
0.054000	218	218	222	2018.02.02 22:00
0.103000	224	224	225	2018.02.03 01:00
0.038000	226	226	227	2018.02.03 03:00
0.197000	233	234	235	2018.02.05 11:00
0.228000	236	238	240	2018.02.05 16:00
0.264000	241	242	243	2018.02.05 19:00
0.311000	245	248	249	2018.02.06 01:00
0.018000	255	255	256	2018.02.06 08:00
0.126000	259	259	260	2018.02.06 12:00
0.904000	262	265	268	2018.02.06 20:00
1.169000	269	279	285	2018.02.07 13:00
0.067000	289	289	290	2018.02.07 18:00
0.296000	292	293	294	2018.02.07 22:00
0.155000	295	295	296	2018.02.08 00:00
0.104000	297	297	298	2018.02.08 02:00
0.167000	300	301	302	2018.02.08 06:00
0.300000	305	307	308	2018.02.08 12:00
0.370000	309	311	315	2018.02.08 19:00
0.128000	317	318	319	2018.02.08 23:00
0.404000	323	323	325	2018.02.09 05:00
0.083000	326	326	327	2018.02.09 07:00
0.132000	328	329	330	2018.02.09 10:00
0.546000	331	337	341	2018.02.09 21:00
0.545000	342	342	344	2018.02.10 00:00
1.103000	348	378	384	2018.02.13 16:00
0.075000	387	387	388	2018.02.13 20:00
0.024000	389	389	390	2018.02.13 22:00
0.447000	392	401	403	2018.02.14 11:00
0.240000	405	408	412	2018.02.14 20:00
1.307000	415	421	440	2018.02.16 00:00
0.768000	441	458	462	2018.02.16 22:00
0.060000	465	465	466	2018.02.17 02:00
0.936000	468	523	534	2018.02.21 22:00
0.135000	535	536	537	2018.02.22 01:00
0.095000	538	539	540	2018.02.22 04:00
0.035000	542	542	543	2018.02.22 07:00
0.071000	547	547	548	2018.02.22 12:00
0.233000	549	551	553	2018.02.22 17:00
0.150000	554	554	557	2018.02.22 21:00
0.269000	558	561	563	2018.02.23 03:00
0.123000	565	566	567	2018.02.23 07:00
0.118000	568	569	570	2018.02.23 10:00
0.031000	571	571	572	2018.02.23 12:00
0.071000	574	575	577	2018.02.23 17:00
0.013000	581	581	582	2018.02.23 22:00
0.382000	585	591	593	2018.02.26 09:00
0.319000	595	600	605	2018.02.26 21:00
0.140000	606	607	608	2018.02.27 00:00
0.315000	609	618	620	2018.02.27 12:00
0.028000	621	621	622	2018.02.27 14:00
0.139000	623	624	626	2018.02.27 18:00
0.015000	627	627	628	2018.02.27 20:00
0.032000	629	629	630	2018.02.27 22:00
0.121000	632	632	633	2018.02.28 01:00
0.025000	634	634	635	2018.02.28 03:00
0.130000	639	640	641	2018.02.28 09:00
0.143000	643	643	646	2018.02.28 14:00
0.182000	647	649	654	2018.02.28 22:00
0.018000	657	657	659	2018.03.01 03:00
0.024000	664	664	665	2018.03.01 09:00
0.186000	668	673	674	2018.03.01 18:00
0.588000	675	681	682	2018.03.02 02:00
0.411000	684	689	690	2018.03.02 10:00
0.058000	693	693	694	2018.03.02 14:00
0.034000	695	695	696	2018.03.02 16:00
0.025000	697	697	698	2018.03.02 18:00
0.160000	702	702	703	2018.03.02 23:00
0.536000	704	711	719	2018.03.05 15:00
1.739000	721	749	760	2018.03.07 08:00
0.931000	761	784	800	2018.03.09 00:00
0.080000	801	801	803	2018.03.09 03:00
1.903000	804	868	906	2018.03.15 10:00
0.182000	907	908	910	2018.03.15 14:00
0.097000	912	913	915	2018.03.15 19:00
0.122000	920	920	921	2018.03.16 01:00
0.021000	922	922	923	2018.03.16 03:00
0.150000	924	927	928	2018.03.16 08:00
0.006000	929	929	930	2018.03.16 10:00
0.270000	934	936	937	2018.03.16 17:00
0.090000	938	938	939	2018.03.16 19:00
0.160000	942	943	944	2018.03.17 00:00
0.014000	945	945	946	2018.03.17 02:00
0.066000	951	951	952	2018.03.19 08:00
0.042000	953	953	954	2018.03.19 10:00
0.063000	956	956	957	2018.03.19 13:00
0.513000	959	965	969	2018.03.20 01:00
0.609000	970	988	994	2018.03.21 02:00
0.227000	995	1008	1010	2018.03.21 18:00
0.001000	1012	1012	1013	2018.03.21 21:00
0.837000	1014	1025	1027	2018.03.22 11:00
0.143000	1030	1031	1033	2018.03.22 17:00
0.129000	1034	1034	1035	2018.03.22 19:00
0.043000	1036	1036	1037	2018.03.22 21:00
0.030000	1040	1040	1041	2018.03.23 01:00
0.567000	1042	1043	1045	2018.03.23 05:00
0.088000	1047	1047	1048	2018.03.23 08:00
0.261000	1049	1052	1053	2018.03.23 13:00
0.025000	1054	1054	1055	2018.03.23 15:00
0.309000	1056	1057	1059	2018.03.23 19:00
0.430000	1060	1064	1065	2018.03.24 01:00
0.277000	1066	1067	1068	2018.03.24 04:00
1.265000	1071	1097	1116	2018.03.28 04:00
0.392000	1119	1125	1129	2018.03.28 17:00
1.127000	1130	1141	1209	2018.04.03 01:00
0.056000	1210	1210	1211	2018.04.03 03:00
0.276000	1212	1213	1217	2018.04.03 09:00
1.191000	1218	1245	1249	2018.04.04 17:00
0.008000	1250	1250	1251	2018.04.04 19:00
1.198000	1252	1281	1308	2018.04.07 04:00
0.136000	1309	1310	1311	2018.04.09 07:00
0.364000	1312	1320	1321	2018.04.09 17:00
0.495000	1325	1329	1332	2018.04.10 04:00
0.121000	1334	1335	1336	2018.04.10 08:00
0.046000	1337	1337	1338	2018.04.10 10:00
1.974000	1339	1420	1463	2018.04.17 15:00
0.147000	1464	1465	1470	2018.04.17 22:00
0.095000	1471	1472	1473	2018.04.18 01:00
0.025000	1475	1475	1476	2018.04.18 04:00
0.026000	1477	1478	1479	2018.04.18 07:00
0.021000	1480	1480	1481	2018.04.18 09:00
0.275000	1482	1487	1488	2018.04.18 16:00
0.740000	1491	1510	1520	2018.04.20 00:00
0.048000	1524	1525	1529	2018.04.20 09:00
0.179000	1530	1531	1532	2018.04.20 12:00
0.036000	1534	1534	1535	2018.04.20 15:00
0.051000	1538	1538	1539	2018.04.20 19:00
0.025000	1540	1540	1542	2018.04.20 22:00
0.088000	1544	1544	1545	2018.04.21 01:00
0.038000	1547	1547	1548	2018.04.21 04:00
0.259000	1549	1558	1561	2018.04.23 17:00
0.141000	1563	1564	1566	2018.04.23 22:00
0.101000	1569	1571	1572	2018.04.24 04:00
0.085000	1573	1573	1576	2018.04.24 08:00
0.037000	1577	1577	1578	2018.04.24 10:00
0.395000	1579	1591	1594	2018.04.25 02:00
0.184000	1596	1600	1603	2018.04.25 11:00
0.094000	1605	1605	1606	2018.04.25 14:00
0.147000	1607	1611	1612	2018.04.25 20:00
0.042000	1614	1614	1615	2018.04.25 23:00
0.355000	1616	1627	1633	2018.04.26 17:00
0.132000	1634	1636	1637	2018.04.26 21:00
0.094000	1638	1638	1640	2018.04.27 00:00
0.023000	1643	1643	1644	2018.04.27 04:00
0.066000	1647	1648	1649	2018.04.27 09:00
0.076000	1652	1652	1654	2018.04.27 14:00
0.335000	1656	1672	1676	2018.04.30 12:00
0.124000	1677	1679	1680	2018.04.30 16:00
0.011000	1681	1681	1682	2018.04.30 18:00
0.075000	1683	1683	1684	2018.04.30 20:00
0.017000	1685	1685	1687	2018.04.30 23:00
0.139000	1688	1688	1689	2018.05.01 01:00
0.002000	1691	1691	1692	2018.05.01 04:00
0.023000	1694	1694	1696	2018.05.01 08:00
0.220000	1697	1703	1704	2018.05.01 16:00
0.115000	1707	1707	1708	2018.05.01 20:00
0.021000	1710	1710	1711	2018.05.01 23:00
0.200000	1713	1718	1722	2018.05.02 10:00
0.430000	1723	1729	1735	2018.05.02 23:00
0.124000	1736	1736	1739	2018.05.03 03:00
0.040000	1740	1740	1741	2018.05.03 05:00
0.095000	1743	1743	1745	2018.05.03 09:00
0.327000	1746	1755	1757	2018.05.03 21:00
0.048000	1759	1759	1760	2018.05.04 00:00
0.520000	1761	1774	1778	2018.05.04 18:00
0.027000	1779	1779	1780	2018.05.04 20:00
0.047000	1781	1782	1783	2018.05.04 23:00
0.311000	1784	1787	1792	2018.05.07 08:00
0.150000	1796	1796	1797	2018.05.07 13:00
0.025000	1798	1799	1801	2018.05.07 17:00
0.024000	1802	1802	1803	2018.05.07 19:00
0.187000	1807	1808	1811	2018.05.08 03:00
0.087000	1814	1816	1817	2018.05.08 09:00
0.037000	1820	1820	1821	2018.05.08 13:00
0.206000	1822	1823	1825	2018.05.08 17:00
0.089000	1828	1830	1831	2018.05.08 23:00
0.105000	1832	1832	1833	2018.05.09 01:00
0.032000	1834	1834	1835	2018.05.09 03:00
0.115000	1836	1838	1841	2018.05.09 09:00

